{"C:\\Users\\Khyle Sewpersaud\\Downloads\\Coding\\Web Dev\\water-watch\\front-end\\postcss.config.js": {"path":"C:\\Users\\Khyle Sewpersaud\\Downloads\\Coding\\Web Dev\\water-watch\\front-end\\postcss.config.js","all":true,"statementMap":{"0":{"start":{"line":1,"column":0},"end":{"line":1,"column":16}},"1":{"start":{"line":2,"column":0},"end":{"line":2,"column":12}},"2":{"start":{"line":3,"column":0},"end":{"line":3,"column":20}},"3":{"start":{"line":4,"column":0},"end":{"line":4,"column":21}},"4":{"start":{"line":5,"column":0},"end":{"line":5,"column":4}},"5":{"start":{"line":6,"column":0},"end":{"line":6,"column":1}}},"s":{"0":0,"1":0,"2":0,"3":0,"4":0,"5":0},"branchMap":{"0":{"type":"branch","line":1,"loc":{"start":{"line":1,"column":0},"end":{"line":6,"column":-11}},"locations":[{"start":{"line":1,"column":0},"end":{"line":6,"column":-11}}]}},"b":{"0":[0]},"fnMap":{"0":{"name":"(empty-report)","decl":{"start":{"line":1,"column":0},"end":{"line":6,"column":-11}},"loc":{"start":{"line":1,"column":0},"end":{"line":6,"column":-11}},"line":1}},"f":{"0":0}}
,"C:\\Users\\Khyle Sewpersaud\\Downloads\\Coding\\Web Dev\\water-watch\\front-end\\tailwind.config.js": {"path":"C:\\Users\\Khyle Sewpersaud\\Downloads\\Coding\\Web Dev\\water-watch\\front-end\\tailwind.config.js","all":true,"statementMap":{"0":{"start":{"line":1,"column":0},"end":{"line":1,"column":43}},"1":{"start":{"line":2,"column":0},"end":{"line":2,"column":0}},"2":{"start":{"line":3,"column":0},"end":{"line":3,"column":16}},"3":{"start":{"line":4,"column":0},"end":{"line":4,"column":12}},"4":{"start":{"line":5,"column":0},"end":{"line":5,"column":19}},"5":{"start":{"line":6,"column":0},"end":{"line":6,"column":33}},"6":{"start":{"line":7,"column":0},"end":{"line":7,"column":4}},"7":{"start":{"line":8,"column":0},"end":{"line":8,"column":10}},"8":{"start":{"line":9,"column":0},"end":{"line":9,"column":13}},"9":{"start":{"line":10,"column":0},"end":{"line":10,"column":15}},"10":{"start":{"line":11,"column":0},"end":{"line":11,"column":27}},"11":{"start":{"line":12,"column":0},"end":{"line":12,"column":32}},"12":{"start":{"line":13,"column":0},"end":{"line":13,"column":31}},"13":{"start":{"line":14,"column":0},"end":{"line":14,"column":26}},"14":{"start":{"line":15,"column":0},"end":{"line":15,"column":30}},"15":{"start":{"line":16,"column":0},"end":{"line":16,"column":27}},"16":{"start":{"line":17,"column":0},"end":{"line":17,"column":26}},"17":{"start":{"line":18,"column":0},"end":{"line":18,"column":31}},"18":{"start":{"line":19,"column":0},"end":{"line":19,"column":8}},"19":{"start":{"line":20,"column":0},"end":{"line":20,"column":19}},"20":{"start":{"line":21,"column":0},"end":{"line":21,"column":54}},"21":{"start":{"line":22,"column":0},"end":{"line":22,"column":7}},"22":{"start":{"line":23,"column":0},"end":{"line":23,"column":6}},"23":{"start":{"line":24,"column":0},"end":{"line":24,"column":4}},"24":{"start":{"line":25,"column":0},"end":{"line":25,"column":12}},"25":{"start":{"line":26,"column":0},"end":{"line":26,"column":23}},"26":{"start":{"line":27,"column":0},"end":{"line":27,"column":4}},"27":{"start":{"line":28,"column":0},"end":{"line":28,"column":12}},"28":{"start":{"line":29,"column":0},"end":{"line":29,"column":13}},"29":{"start":{"line":30,"column":0},"end":{"line":30,"column":7}},"30":{"start":{"line":31,"column":0},"end":{"line":31,"column":18}},"31":{"start":{"line":32,"column":0},"end":{"line":32,"column":31}},"32":{"start":{"line":33,"column":0},"end":{"line":33,"column":33}},"33":{"start":{"line":34,"column":0},"end":{"line":34,"column":30}},"34":{"start":{"line":35,"column":0},"end":{"line":35,"column":32}},"35":{"start":{"line":36,"column":0},"end":{"line":36,"column":28}},"36":{"start":{"line":37,"column":0},"end":{"line":37,"column":31}},"37":{"start":{"line":38,"column":0},"end":{"line":38,"column":31}},"38":{"start":{"line":39,"column":0},"end":{"line":39,"column":29}},"39":{"start":{"line":40,"column":0},"end":{"line":40,"column":10}},"40":{"start":{"line":41,"column":0},"end":{"line":41,"column":8}},"41":{"start":{"line":42,"column":0},"end":{"line":42,"column":6}},"42":{"start":{"line":43,"column":0},"end":{"line":43,"column":75}},"43":{"start":{"line":44,"column":0},"end":{"line":44,"column":92}},"44":{"start":{"line":45,"column":0},"end":{"line":45,"column":83}},"45":{"start":{"line":46,"column":0},"end":{"line":46,"column":64}},"46":{"start":{"line":47,"column":0},"end":{"line":47,"column":111}},"47":{"start":{"line":48,"column":0},"end":{"line":48,"column":105}},"48":{"start":{"line":49,"column":0},"end":{"line":49,"column":78}},"49":{"start":{"line":50,"column":0},"end":{"line":50,"column":4}},"50":{"start":{"line":51,"column":0},"end":{"line":51,"column":1}}},"s":{"0":0,"1":0,"2":0,"3":0,"4":0,"5":0,"6":0,"7":0,"8":0,"9":0,"10":0,"11":0,"12":0,"13":0,"14":0,"15":0,"16":0,"17":0,"18":0,"19":0,"20":0,"21":0,"22":0,"23":0,"24":0,"25":0,"26":0,"27":0,"28":0,"29":0,"30":0,"31":0,"32":0,"33":0,"34":0,"35":0,"36":0,"37":0,"38":0,"39":0,"40":0,"41":0,"42":0,"43":0,"44":0,"45":0,"46":0,"47":0,"48":0,"49":0,"50":0},"branchMap":{"0":{"type":"branch","line":1,"loc":{"start":{"line":1,"column":0},"end":{"line":51,"column":-8}},"locations":[{"start":{"line":1,"column":0},"end":{"line":51,"column":-8}}]}},"b":{"0":[0]},"fnMap":{"0":{"name":"(empty-report)","decl":{"start":{"line":1,"column":0},"end":{"line":51,"column":-8}},"loc":{"start":{"line":1,"column":0},"end":{"line":51,"column":-8}},"line":1}},"f":{"0":0}}
,"C:\\Users\\Khyle Sewpersaud\\Downloads\\Coding\\Web Dev\\water-watch\\front-end\\src\\App.jsx": {"path":"C:\\Users\\Khyle Sewpersaud\\Downloads\\Coding\\Web Dev\\water-watch\\front-end\\src\\App.jsx","all":false,"statementMap":{"0":{"start":{"line":1,"column":0},"end":{"line":1,"column":19}},"1":{"start":{"line":2,"column":0},"end":{"line":2,"column":31}},"2":{"start":{"line":3,"column":0},"end":{"line":3,"column":51}},"3":{"start":{"line":4,"column":0},"end":{"line":4,"column":47}},"4":{"start":{"line":5,"column":0},"end":{"line":5,"column":0}},"5":{"start":{"line":6,"column":0},"end":{"line":6,"column":16}},"6":{"start":{"line":7,"column":0},"end":{"line":7,"column":39}},"7":{"start":{"line":8,"column":0},"end":{"line":8,"column":0}},"8":{"start":{"line":9,"column":0},"end":{"line":9,"column":34}},"9":{"start":{"line":10,"column":0},"end":{"line":10,"column":71}},"10":{"start":{"line":11,"column":0},"end":{"line":11,"column":4}},"11":{"start":{"line":12,"column":0},"end":{"line":12,"column":0}},"12":{"start":{"line":13,"column":0},"end":{"line":13,"column":0}},"13":{"start":{"line":14,"column":0},"end":{"line":14,"column":10}},"14":{"start":{"line":15,"column":0},"end":{"line":15,"column":6}},"15":{"start":{"line":16,"column":0},"end":{"line":16,"column":46}},"16":{"start":{"line":17,"column":0},"end":{"line":17,"column":124}},"17":{"start":{"line":18,"column":0},"end":{"line":18,"column":84}},"18":{"start":{"line":19,"column":0},"end":{"line":19,"column":23}},"19":{"start":{"line":20,"column":0},"end":{"line":20,"column":15}},"20":{"start":{"line":21,"column":0},"end":{"line":21,"column":14}},"21":{"start":{"line":22,"column":0},"end":{"line":22,"column":15}},"22":{"start":{"line":23,"column":0},"end":{"line":23,"column":0}},"23":{"start":{"line":24,"column":0},"end":{"line":24,"column":77}},"24":{"start":{"line":25,"column":0},"end":{"line":25,"column":104}},"25":{"start":{"line":26,"column":0},"end":{"line":26,"column":76}},"26":{"start":{"line":27,"column":0},"end":{"line":27,"column":28}},"27":{"start":{"line":28,"column":0},"end":{"line":28,"column":15}},"28":{"start":{"line":29,"column":0},"end":{"line":29,"column":92}},"29":{"start":{"line":30,"column":0},"end":{"line":30,"column":25}},"30":{"start":{"line":31,"column":0},"end":{"line":31,"column":15}},"31":{"start":{"line":32,"column":0},"end":{"line":32,"column":17}},"32":{"start":{"line":33,"column":0},"end":{"line":33,"column":111}},"33":{"start":{"line":34,"column":0},"end":{"line":34,"column":38}},"34":{"start":{"line":35,"column":0},"end":{"line":35,"column":11}},"35":{"start":{"line":36,"column":0},"end":{"line":36,"column":17}},"36":{"start":{"line":37,"column":0},"end":{"line":37,"column":19}},"37":{"start":{"line":38,"column":0},"end":{"line":38,"column":14}},"38":{"start":{"line":39,"column":0},"end":{"line":39,"column":0}},"39":{"start":{"line":40,"column":0},"end":{"line":40,"column":19}},"40":{"start":{"line":41,"column":0},"end":{"line":41,"column":16}},"41":{"start":{"line":42,"column":0},"end":{"line":42,"column":36}},"42":{"start":{"line":43,"column":0},"end":{"line":43,"column":45}},"43":{"start":{"line":44,"column":0},"end":{"line":44,"column":75}},"44":{"start":{"line":45,"column":0},"end":{"line":45,"column":37}},"45":{"start":{"line":46,"column":0},"end":{"line":46,"column":112}},"46":{"start":{"line":47,"column":0},"end":{"line":47,"column":80}},"47":{"start":{"line":48,"column":0},"end":{"line":48,"column":79}},"48":{"start":{"line":49,"column":0},"end":{"line":49,"column":80}},"49":{"start":{"line":50,"column":0},"end":{"line":50,"column":71}},"50":{"start":{"line":51,"column":0},"end":{"line":51,"column":72}},"51":{"start":{"line":52,"column":0},"end":{"line":52,"column":76}},"52":{"start":{"line":53,"column":0},"end":{"line":53,"column":20}},"53":{"start":{"line":54,"column":0},"end":{"line":54,"column":14}},"54":{"start":{"line":55,"column":0},"end":{"line":55,"column":15}},"55":{"start":{"line":56,"column":0},"end":{"line":56,"column":7}},"56":{"start":{"line":57,"column":0},"end":{"line":57,"column":4}},"57":{"start":{"line":58,"column":0},"end":{"line":58,"column":1}},"58":{"start":{"line":59,"column":0},"end":{"line":59,"column":0}},"59":{"start":{"line":60,"column":0},"end":{"line":60,"column":19}}},"s":{"0":1,"1":1,"2":1,"3":1,"4":1,"5":1,"6":1,"7":1,"8":1,"9":1,"10":1,"11":1,"12":1,"13":1,"14":1,"15":1,"16":1,"17":1,"18":1,"19":1,"20":1,"21":1,"22":1,"23":1,"24":1,"25":1,"26":1,"27":1,"28":1,"29":1,"30":1,"31":1,"32":1,"33":1,"34":1,"35":1,"36":1,"37":1,"38":1,"39":1,"40":1,"41":1,"42":1,"43":1,"44":1,"45":1,"46":1,"47":1,"48":1,"49":1,"50":1,"51":1,"52":1,"53":1,"54":1,"55":1,"56":1,"57":1,"58":1,"59":1},"branchMap":{"0":{"type":"branch","line":6,"loc":{"start":{"line":6,"column":0},"end":{"line":58,"column":1}},"locations":[{"start":{"line":6,"column":0},"end":{"line":58,"column":1}}]},"1":{"type":"branch","line":9,"loc":{"start":{"line":9,"column":27},"end":{"line":11,"column":4}},"locations":[{"start":{"line":9,"column":27},"end":{"line":11,"column":4}}]}},"b":{"0":[1],"1":[1]},"fnMap":{"0":{"name":"App","decl":{"start":{"line":6,"column":0},"end":{"line":58,"column":1}},"loc":{"start":{"line":6,"column":0},"end":{"line":58,"column":1}},"line":6},"1":{"name":"scrollToQuestion","decl":{"start":{"line":9,"column":27},"end":{"line":11,"column":4}},"loc":{"start":{"line":9,"column":27},"end":{"line":11,"column":4}},"line":9}},"f":{"0":1,"1":1}}
,"C:\\Users\\Khyle Sewpersaud\\Downloads\\Coding\\Web Dev\\water-watch\\front-end\\src\\main.jsx": {"path":"C:\\Users\\Khyle Sewpersaud\\Downloads\\Coding\\Web Dev\\water-watch\\front-end\\src\\main.jsx","all":true,"statementMap":{"0":{"start":{"line":1,"column":0},"end":{"line":1,"column":25}},"1":{"start":{"line":2,"column":0},"end":{"line":2,"column":39}},"2":{"start":{"line":3,"column":0},"end":{"line":3,"column":27}},"3":{"start":{"line":4,"column":0},"end":{"line":4,"column":20}},"4":{"start":{"line":5,"column":0},"end":{"line":5,"column":0}},"5":{"start":{"line":6,"column":0},"end":{"line":6,"column":60}},"6":{"start":{"line":7,"column":0},"end":{"line":7,"column":20}},"7":{"start":{"line":8,"column":0},"end":{"line":8,"column":11}},"8":{"start":{"line":9,"column":0},"end":{"line":9,"column":22}},"9":{"start":{"line":10,"column":0},"end":{"line":10,"column":1}}},"s":{"0":0,"1":0,"2":0,"3":0,"4":0,"5":0,"6":0,"7":0,"8":0,"9":0},"branchMap":{"0":{"type":"branch","line":1,"loc":{"start":{"line":1,"column":234},"end":{"line":10,"column":1}},"locations":[{"start":{"line":1,"column":234},"end":{"line":10,"column":1}}]}},"b":{"0":[0]},"fnMap":{"0":{"name":"(empty-report)","decl":{"start":{"line":1,"column":234},"end":{"line":10,"column":1}},"loc":{"start":{"line":1,"column":234},"end":{"line":10,"column":1}},"line":1}},"f":{"0":0}}
,"C:\\Users\\Khyle Sewpersaud\\Downloads\\Coding\\Web Dev\\water-watch\\front-end\\src\\components\\Average.jsx": {"path":"C:\\Users\\Khyle Sewpersaud\\Downloads\\Coding\\Web Dev\\water-watch\\front-end\\src\\components\\Average.jsx","all":false,"statementMap":{"0":{"start":{"line":1,"column":0},"end":{"line":1,"column":44}},"1":{"start":{"line":2,"column":0},"end":{"line":2,"column":50}},"2":{"start":{"line":3,"column":0},"end":{"line":3,"column":46}},"3":{"start":{"line":4,"column":0},"end":{"line":4,"column":58}},"4":{"start":{"line":5,"column":0},"end":{"line":5,"column":54}},"5":{"start":{"line":6,"column":0},"end":{"line":6,"column":40}},"6":{"start":{"line":7,"column":0},"end":{"line":7,"column":23}},"7":{"start":{"line":8,"column":0},"end":{"line":8,"column":0}},"8":{"start":{"line":9,"column":0},"end":{"line":9,"column":23}},"9":{"start":{"line":10,"column":0},"end":{"line":10,"column":10}},"10":{"start":{"line":11,"column":0},"end":{"line":11,"column":6}},"11":{"start":{"line":12,"column":0},"end":{"line":12,"column":33}},"12":{"start":{"line":13,"column":0},"end":{"line":13,"column":29}},"13":{"start":{"line":14,"column":0},"end":{"line":14,"column":72}},"14":{"start":{"line":15,"column":0},"end":{"line":15,"column":75}},"15":{"start":{"line":16,"column":0},"end":{"line":16,"column":75}},"16":{"start":{"line":17,"column":0},"end":{"line":17,"column":14}},"17":{"start":{"line":18,"column":0},"end":{"line":18,"column":32}},"18":{"start":{"line":19,"column":0},"end":{"line":19,"column":38}},"19":{"start":{"line":20,"column":0},"end":{"line":20,"column":40}},"20":{"start":{"line":21,"column":0},"end":{"line":21,"column":12}},"21":{"start":{"line":22,"column":0},"end":{"line":22,"column":14}},"22":{"start":{"line":23,"column":0},"end":{"line":23,"column":30}},"23":{"start":{"line":24,"column":0},"end":{"line":24,"column":36}},"24":{"start":{"line":25,"column":0},"end":{"line":25,"column":31}},"25":{"start":{"line":26,"column":0},"end":{"line":26,"column":12}},"26":{"start":{"line":27,"column":0},"end":{"line":27,"column":14}},"27":{"start":{"line":28,"column":0},"end":{"line":28,"column":57}},"28":{"start":{"line":29,"column":0},"end":{"line":29,"column":12}},"29":{"start":{"line":30,"column":0},"end":{"line":30,"column":124}},"30":{"start":{"line":31,"column":0},"end":{"line":31,"column":29}},"31":{"start":{"line":32,"column":0},"end":{"line":32,"column":9}},"32":{"start":{"line":33,"column":0},"end":{"line":33,"column":60}},"33":{"start":{"line":34,"column":0},"end":{"line":34,"column":14}},"34":{"start":{"line":35,"column":0},"end":{"line":35,"column":15}},"35":{"start":{"line":36,"column":0},"end":{"line":36,"column":7}},"36":{"start":{"line":37,"column":0},"end":{"line":37,"column":4}},"37":{"start":{"line":38,"column":0},"end":{"line":38,"column":2}},"38":{"start":{"line":39,"column":0},"end":{"line":39,"column":0}},"39":{"start":{"line":40,"column":0},"end":{"line":40,"column":23}}},"s":{"0":1,"1":1,"2":1,"3":1,"4":1,"5":1,"6":1,"7":1,"8":1,"9":1,"10":1,"11":1,"12":1,"13":1,"14":1,"15":1,"16":1,"17":1,"18":1,"19":1,"20":1,"21":1,"22":1,"23":1,"24":1,"25":1,"26":1,"27":1,"28":1,"29":1,"30":1,"31":1,"32":1,"33":1,"34":1,"35":1,"36":1,"37":1,"38":1,"39":1},"branchMap":{"0":{"type":"branch","line":9,"loc":{"start":{"line":9,"column":16},"end":{"line":38,"column":2}},"locations":[{"start":{"line":9,"column":16},"end":{"line":38,"column":2}}]}},"b":{"0":[1]},"fnMap":{"0":{"name":"Average","decl":{"start":{"line":9,"column":16},"end":{"line":38,"column":2}},"loc":{"start":{"line":9,"column":16},"end":{"line":38,"column":2}},"line":9}},"f":{"0":1}}
,"C:\\Users\\Khyle Sewpersaud\\Downloads\\Coding\\Web Dev\\water-watch\\front-end\\src\\components\\Bottle.jsx": {"path":"C:\\Users\\Khyle Sewpersaud\\Downloads\\Coding\\Web Dev\\water-watch\\front-end\\src\\components\\Bottle.jsx","all":false,"statementMap":{"0":{"start":{"line":1,"column":0},"end":{"line":1,"column":35}},"1":{"start":{"line":2,"column":0},"end":{"line":2,"column":22}},"2":{"start":{"line":3,"column":0},"end":{"line":3,"column":0}},"3":{"start":{"line":4,"column":0},"end":{"line":4,"column":17}},"4":{"start":{"line":5,"column":0},"end":{"line":5,"column":8}},"5":{"start":{"line":6,"column":0},"end":{"line":6,"column":8}},"6":{"start":{"line":7,"column":0},"end":{"line":7,"column":11}},"7":{"start":{"line":8,"column":0},"end":{"line":8,"column":21}},"8":{"start":{"line":9,"column":0},"end":{"line":9,"column":12}},"9":{"start":{"line":10,"column":0},"end":{"line":10,"column":7}},"10":{"start":{"line":11,"column":0},"end":{"line":11,"column":4}},"11":{"start":{"line":12,"column":0},"end":{"line":12,"column":26}},"12":{"start":{"line":13,"column":0},"end":{"line":13,"column":47}},"13":{"start":{"line":14,"column":0},"end":{"line":14,"column":4}},"14":{"start":{"line":15,"column":0},"end":{"line":15,"column":0}},"15":{"start":{"line":16,"column":0},"end":{"line":16,"column":26}},"16":{"start":{"line":17,"column":0},"end":{"line":17,"column":60}},"17":{"start":{"line":18,"column":0},"end":{"line":18,"column":4}},"18":{"start":{"line":19,"column":0},"end":{"line":19,"column":0}},"19":{"start":{"line":20,"column":0},"end":{"line":20,"column":36}},"20":{"start":{"line":21,"column":0},"end":{"line":21,"column":51}},"21":{"start":{"line":22,"column":0},"end":{"line":22,"column":30}},"22":{"start":{"line":23,"column":0},"end":{"line":23,"column":45}},"23":{"start":{"line":24,"column":0},"end":{"line":24,"column":5}},"24":{"start":{"line":25,"column":0},"end":{"line":25,"column":4}},"25":{"start":{"line":26,"column":0},"end":{"line":26,"column":0}},"26":{"start":{"line":27,"column":0},"end":{"line":27,"column":10}},"27":{"start":{"line":28,"column":0},"end":{"line":28,"column":6}},"28":{"start":{"line":29,"column":0},"end":{"line":29,"column":86}},"29":{"start":{"line":30,"column":0},"end":{"line":30,"column":60}},"30":{"start":{"line":31,"column":0},"end":{"line":31,"column":77}},"31":{"start":{"line":32,"column":0},"end":{"line":32,"column":13}},"32":{"start":{"line":33,"column":0},"end":{"line":33,"column":19}},"33":{"start":{"line":34,"column":0},"end":{"line":34,"column":42}},"34":{"start":{"line":35,"column":0},"end":{"line":35,"column":66}},"35":{"start":{"line":36,"column":0},"end":{"line":36,"column":155}},"36":{"start":{"line":37,"column":0},"end":{"line":37,"column":20}},"37":{"start":{"line":38,"column":0},"end":{"line":38,"column":18}},"38":{"start":{"line":39,"column":0},"end":{"line":39,"column":16}},"39":{"start":{"line":40,"column":0},"end":{"line":40,"column":76}},"40":{"start":{"line":41,"column":0},"end":{"line":41,"column":13}},"41":{"start":{"line":42,"column":0},"end":{"line":42,"column":19}},"42":{"start":{"line":43,"column":0},"end":{"line":43,"column":14}},"43":{"start":{"line":44,"column":0},"end":{"line":44,"column":45}},"44":{"start":{"line":45,"column":0},"end":{"line":45,"column":16}},"45":{"start":{"line":46,"column":0},"end":{"line":46,"column":25}},"46":{"start":{"line":47,"column":0},"end":{"line":47,"column":23}},"47":{"start":{"line":48,"column":0},"end":{"line":48,"column":28}},"48":{"start":{"line":49,"column":0},"end":{"line":49,"column":40}},"49":{"start":{"line":50,"column":0},"end":{"line":50,"column":56}},"50":{"start":{"line":51,"column":0},"end":{"line":51,"column":19}},"51":{"start":{"line":52,"column":0},"end":{"line":52,"column":14}},"52":{"start":{"line":53,"column":0},"end":{"line":53,"column":12}},"53":{"start":{"line":54,"column":0},"end":{"line":54,"column":7}},"54":{"start":{"line":55,"column":0},"end":{"line":55,"column":4}},"55":{"start":{"line":56,"column":0},"end":{"line":56,"column":1}},"56":{"start":{"line":57,"column":0},"end":{"line":57,"column":0}},"57":{"start":{"line":58,"column":0},"end":{"line":58,"column":20}},"58":{"start":{"line":59,"column":0},"end":{"line":59,"column":37}},"59":{"start":{"line":60,"column":0},"end":{"line":60,"column":37}},"60":{"start":{"line":61,"column":0},"end":{"line":61,"column":40}},"61":{"start":{"line":62,"column":0},"end":{"line":62,"column":48}},"62":{"start":{"line":63,"column":0},"end":{"line":63,"column":30}},"63":{"start":{"line":64,"column":0},"end":{"line":64,"column":25}},"64":{"start":{"line":65,"column":0},"end":{"line":65,"column":2}},"65":{"start":{"line":66,"column":0},"end":{"line":66,"column":0}},"66":{"start":{"line":67,"column":0},"end":{"line":67,"column":22}}},"s":{"0":1,"1":1,"2":1,"3":270,"4":270,"5":270,"6":270,"7":270,"8":270,"9":270,"10":270,"11":270,"12":0,"13":0,"14":270,"15":270,"16":0,"17":0,"18":270,"19":270,"20":0,"21":0,"22":0,"23":0,"24":0,"25":270,"26":270,"27":270,"28":270,"29":270,"30":270,"31":270,"32":270,"33":270,"34":270,"35":270,"36":270,"37":270,"38":270,"39":270,"40":270,"41":270,"42":270,"43":270,"44":270,"45":270,"46":270,"47":270,"48":270,"49":270,"50":270,"51":270,"52":270,"53":270,"54":270,"55":270,"56":1,"57":1,"58":1,"59":1,"60":1,"61":1,"62":1,"63":1,"64":1,"65":1,"66":1},"branchMap":{"0":{"type":"branch","line":4,"loc":{"start":{"line":4,"column":0},"end":{"line":56,"column":1}},"locations":[{"start":{"line":4,"column":0},"end":{"line":56,"column":1}}]}},"b":{"0":[270]},"fnMap":{"0":{"name":"Bottle","decl":{"start":{"line":4,"column":0},"end":{"line":56,"column":1}},"loc":{"start":{"line":4,"column":0},"end":{"line":56,"column":1}},"line":4},"1":{"name":"increase","decl":{"start":{"line":12,"column":19},"end":{"line":14,"column":4}},"loc":{"start":{"line":12,"column":19},"end":{"line":14,"column":4}},"line":12},"2":{"name":"decrease","decl":{"start":{"line":16,"column":19},"end":{"line":18,"column":4}},"loc":{"start":{"line":16,"column":19},"end":{"line":18,"column":4}},"line":16},"3":{"name":"handleInputChange","decl":{"start":{"line":20,"column":28},"end":{"line":25,"column":4}},"loc":{"start":{"line":20,"column":28},"end":{"line":25,"column":4}},"line":20}},"f":{"0":270,"1":0,"2":0,"3":0}}
,"C:\\Users\\Khyle Sewpersaud\\Downloads\\Coding\\Web Dev\\water-watch\\front-end\\src\\components\\BottleOutput.jsx": {"path":"C:\\Users\\Khyle Sewpersaud\\Downloads\\Coding\\Web Dev\\water-watch\\front-end\\src\\components\\BottleOutput.jsx","all":false,"statementMap":{"0":{"start":{"line":1,"column":0},"end":{"line":1,"column":35}},"1":{"start":{"line":2,"column":0},"end":{"line":2,"column":0}},"2":{"start":{"line":3,"column":0},"end":{"line":3,"column":58}},"3":{"start":{"line":4,"column":0},"end":{"line":4,"column":10}},"4":{"start":{"line":5,"column":0},"end":{"line":5,"column":6}},"5":{"start":{"line":6,"column":0},"end":{"line":6,"column":72}},"6":{"start":{"line":7,"column":0},"end":{"line":7,"column":45}},"7":{"start":{"line":8,"column":0},"end":{"line":8,"column":64}},"8":{"start":{"line":9,"column":0},"end":{"line":9,"column":14}},"9":{"start":{"line":10,"column":0},"end":{"line":10,"column":45}},"10":{"start":{"line":11,"column":0},"end":{"line":11,"column":27}},"11":{"start":{"line":12,"column":0},"end":{"line":12,"column":14}},"12":{"start":{"line":13,"column":0},"end":{"line":13,"column":12}},"13":{"start":{"line":14,"column":0},"end":{"line":14,"column":7}},"14":{"start":{"line":15,"column":0},"end":{"line":15,"column":4}},"15":{"start":{"line":16,"column":0},"end":{"line":16,"column":2}},"16":{"start":{"line":17,"column":0},"end":{"line":17,"column":0}},"17":{"start":{"line":18,"column":0},"end":{"line":18,"column":26}},"18":{"start":{"line":19,"column":0},"end":{"line":19,"column":37}},"19":{"start":{"line":20,"column":0},"end":{"line":20,"column":40}},"20":{"start":{"line":21,"column":0},"end":{"line":21,"column":30}},"21":{"start":{"line":22,"column":0},"end":{"line":22,"column":2}},"22":{"start":{"line":23,"column":0},"end":{"line":23,"column":0}},"23":{"start":{"line":24,"column":0},"end":{"line":24,"column":28}}},"s":{"0":1,"1":1,"2":1,"3":4,"4":4,"5":4,"6":4,"7":4,"8":4,"9":4,"10":4,"11":4,"12":4,"13":4,"14":4,"15":4,"16":1,"17":1,"18":1,"19":1,"20":1,"21":1,"22":1,"23":1},"branchMap":{"0":{"type":"branch","line":3,"loc":{"start":{"line":3,"column":21},"end":{"line":16,"column":2}},"locations":[{"start":{"line":3,"column":21},"end":{"line":16,"column":2}}]}},"b":{"0":[4]},"fnMap":{"0":{"name":"BottleOutput","decl":{"start":{"line":3,"column":21},"end":{"line":16,"column":2}},"loc":{"start":{"line":3,"column":21},"end":{"line":16,"column":2}},"line":3}},"f":{"0":4}}
,"C:\\Users\\Khyle Sewpersaud\\Downloads\\Coding\\Web Dev\\water-watch\\front-end\\src\\components\\Intake.jsx": {"path":"C:\\Users\\Khyle Sewpersaud\\Downloads\\Coding\\Web Dev\\water-watch\\front-end\\src\\components\\Intake.jsx","all":false,"statementMap":{"0":{"start":{"line":1,"column":0},"end":{"line":1,"column":44}},"1":{"start":{"line":2,"column":0},"end":{"line":2,"column":50}},"2":{"start":{"line":3,"column":0},"end":{"line":3,"column":46}},"3":{"start":{"line":4,"column":0},"end":{"line":4,"column":58}},"4":{"start":{"line":5,"column":0},"end":{"line":5,"column":54}},"5":{"start":{"line":6,"column":0},"end":{"line":6,"column":48}},"6":{"start":{"line":7,"column":0},"end":{"line":7,"column":50}},"7":{"start":{"line":8,"column":0},"end":{"line":8,"column":56}},"8":{"start":{"line":9,"column":0},"end":{"line":9,"column":48}},"9":{"start":{"line":10,"column":0},"end":{"line":10,"column":48}},"10":{"start":{"line":11,"column":0},"end":{"line":11,"column":50}},"11":{"start":{"line":12,"column":0},"end":{"line":12,"column":54}},"12":{"start":{"line":13,"column":0},"end":{"line":13,"column":48}},"13":{"start":{"line":14,"column":0},"end":{"line":14,"column":50}},"14":{"start":{"line":15,"column":0},"end":{"line":15,"column":44}},"15":{"start":{"line":16,"column":0},"end":{"line":16,"column":42}},"16":{"start":{"line":17,"column":0},"end":{"line":17,"column":56}},"17":{"start":{"line":18,"column":0},"end":{"line":18,"column":52}},"18":{"start":{"line":19,"column":0},"end":{"line":19,"column":34}},"19":{"start":{"line":20,"column":0},"end":{"line":20,"column":35}},"20":{"start":{"line":21,"column":0},"end":{"line":21,"column":21}},"21":{"start":{"line":22,"column":0},"end":{"line":22,"column":0}},"22":{"start":{"line":23,"column":0},"end":{"line":23,"column":20}},"23":{"start":{"line":24,"column":0},"end":{"line":24,"column":89}},"24":{"start":{"line":25,"column":0},"end":{"line":25,"column":102}},"25":{"start":{"line":26,"column":0},"end":{"line":26,"column":99}},"26":{"start":{"line":27,"column":0},"end":{"line":27,"column":95}},"27":{"start":{"line":28,"column":0},"end":{"line":28,"column":94}},"28":{"start":{"line":29,"column":0},"end":{"line":29,"column":91}},"29":{"start":{"line":30,"column":0},"end":{"line":30,"column":89}},"30":{"start":{"line":31,"column":0},"end":{"line":31,"column":96}},"31":{"start":{"line":32,"column":0},"end":{"line":32,"column":2}},"32":{"start":{"line":33,"column":0},"end":{"line":33,"column":0}},"33":{"start":{"line":34,"column":0},"end":{"line":34,"column":17}},"34":{"start":{"line":35,"column":0},"end":{"line":35,"column":86}},"35":{"start":{"line":36,"column":0},"end":{"line":36,"column":95}},"36":{"start":{"line":37,"column":0},"end":{"line":37,"column":90}},"37":{"start":{"line":38,"column":0},"end":{"line":38,"column":102}},"38":{"start":{"line":39,"column":0},"end":{"line":39,"column":93}},"39":{"start":{"line":40,"column":0},"end":{"line":40,"column":93}},"40":{"start":{"line":41,"column":0},"end":{"line":41,"column":96}},"41":{"start":{"line":42,"column":0},"end":{"line":42,"column":95}},"42":{"start":{"line":43,"column":0},"end":{"line":43,"column":99}},"43":{"start":{"line":44,"column":0},"end":{"line":44,"column":102}},"44":{"start":{"line":45,"column":0},"end":{"line":45,"column":2}},"45":{"start":{"line":46,"column":0},"end":{"line":46,"column":0}},"46":{"start":{"line":47,"column":0},"end":{"line":47,"column":50}},"47":{"start":{"line":48,"column":0},"end":{"line":48,"column":10}},"48":{"start":{"line":49,"column":0},"end":{"line":49,"column":6}},"49":{"start":{"line":50,"column":0},"end":{"line":50,"column":52}},"50":{"start":{"line":51,"column":0},"end":{"line":51,"column":38}},"51":{"start":{"line":52,"column":0},"end":{"line":52,"column":47}},"52":{"start":{"line":53,"column":0},"end":{"line":53,"column":82}},"53":{"start":{"line":54,"column":0},"end":{"line":54,"column":30}},"54":{"start":{"line":55,"column":0},"end":{"line":55,"column":17}},"55":{"start":{"line":56,"column":0},"end":{"line":56,"column":16}},"56":{"start":{"line":57,"column":0},"end":{"line":57,"column":14}},"57":{"start":{"line":58,"column":0},"end":{"line":58,"column":85}},"58":{"start":{"line":59,"column":0},"end":{"line":59,"column":11}},"59":{"start":{"line":60,"column":0},"end":{"line":60,"column":34}},"60":{"start":{"line":61,"column":0},"end":{"line":61,"column":50}},"61":{"start":{"line":62,"column":0},"end":{"line":62,"column":23}},"62":{"start":{"line":63,"column":0},"end":{"line":63,"column":29}},"63":{"start":{"line":64,"column":0},"end":{"line":64,"column":31}},"64":{"start":{"line":65,"column":0},"end":{"line":65,"column":38}},"65":{"start":{"line":66,"column":0},"end":{"line":66,"column":43}},"66":{"start":{"line":67,"column":0},"end":{"line":67,"column":57}},"67":{"start":{"line":68,"column":0},"end":{"line":68,"column":42}},"68":{"start":{"line":69,"column":0},"end":{"line":69,"column":36}},"69":{"start":{"line":70,"column":0},"end":{"line":70,"column":18}},"70":{"start":{"line":71,"column":0},"end":{"line":71,"column":17}},"71":{"start":{"line":72,"column":0},"end":{"line":72,"column":18}},"72":{"start":{"line":73,"column":0},"end":{"line":73,"column":16}},"73":{"start":{"line":74,"column":0},"end":{"line":74,"column":14}},"74":{"start":{"line":75,"column":0},"end":{"line":75,"column":0}},"75":{"start":{"line":76,"column":0},"end":{"line":76,"column":31}},"76":{"start":{"line":77,"column":0},"end":{"line":77,"column":47}},"77":{"start":{"line":78,"column":0},"end":{"line":78,"column":82}},"78":{"start":{"line":79,"column":0},"end":{"line":79,"column":44}},"79":{"start":{"line":80,"column":0},"end":{"line":80,"column":17}},"80":{"start":{"line":81,"column":0},"end":{"line":81,"column":16}},"81":{"start":{"line":82,"column":0},"end":{"line":82,"column":14}},"82":{"start":{"line":83,"column":0},"end":{"line":83,"column":85}},"83":{"start":{"line":84,"column":0},"end":{"line":84,"column":11}},"84":{"start":{"line":85,"column":0},"end":{"line":85,"column":34}},"85":{"start":{"line":86,"column":0},"end":{"line":86,"column":44}},"86":{"start":{"line":87,"column":0},"end":{"line":87,"column":23}},"87":{"start":{"line":88,"column":0},"end":{"line":88,"column":94}},"88":{"start":{"line":89,"column":0},"end":{"line":89,"column":74}},"89":{"start":{"line":90,"column":0},"end":{"line":90,"column":35}},"90":{"start":{"line":91,"column":0},"end":{"line":91,"column":63}},"91":{"start":{"line":92,"column":0},"end":{"line":92,"column":57}},"92":{"start":{"line":93,"column":0},"end":{"line":93,"column":39}},"93":{"start":{"line":94,"column":0},"end":{"line":94,"column":33}},"94":{"start":{"line":95,"column":0},"end":{"line":95,"column":18}},"95":{"start":{"line":96,"column":0},"end":{"line":96,"column":17}},"96":{"start":{"line":97,"column":0},"end":{"line":97,"column":18}},"97":{"start":{"line":98,"column":0},"end":{"line":98,"column":16}},"98":{"start":{"line":99,"column":0},"end":{"line":99,"column":14}},"99":{"start":{"line":100,"column":0},"end":{"line":100,"column":12}},"100":{"start":{"line":101,"column":0},"end":{"line":101,"column":7}},"101":{"start":{"line":102,"column":0},"end":{"line":102,"column":4}},"102":{"start":{"line":103,"column":0},"end":{"line":103,"column":1}},"103":{"start":{"line":104,"column":0},"end":{"line":104,"column":0}},"104":{"start":{"line":105,"column":0},"end":{"line":105,"column":20}},"105":{"start":{"line":106,"column":0},"end":{"line":106,"column":38}},"106":{"start":{"line":107,"column":0},"end":{"line":107,"column":48}},"107":{"start":{"line":108,"column":0},"end":{"line":108,"column":2}},"108":{"start":{"line":109,"column":0},"end":{"line":109,"column":0}},"109":{"start":{"line":110,"column":0},"end":{"line":110,"column":22}}},"s":{"0":1,"1":1,"2":1,"3":1,"4":1,"5":1,"6":1,"7":1,"8":1,"9":1,"10":1,"11":1,"12":1,"13":1,"14":1,"15":1,"16":1,"17":1,"18":1,"19":1,"20":1,"21":1,"22":1,"23":1,"24":1,"25":1,"26":1,"27":1,"28":1,"29":1,"30":1,"31":1,"32":1,"33":1,"34":1,"35":1,"36":1,"37":1,"38":1,"39":1,"40":1,"41":1,"42":1,"43":1,"44":1,"45":1,"46":15,"47":15,"48":15,"49":15,"50":15,"51":15,"52":15,"53":15,"54":15,"55":15,"56":15,"57":15,"58":15,"59":15,"60":15,"61":15,"62":15,"63":15,"64":15,"65":15,"66":15,"67":15,"68":15,"69":15,"70":15,"71":15,"72":15,"73":15,"74":15,"75":15,"76":15,"77":15,"78":15,"79":15,"80":15,"81":15,"82":15,"83":15,"84":15,"85":15,"86":15,"87":15,"88":15,"89":15,"90":15,"91":15,"92":15,"93":15,"94":15,"95":15,"96":15,"97":15,"98":15,"99":15,"100":15,"101":15,"102":15,"103":1,"104":1,"105":1,"106":1,"107":1,"108":1,"109":1},"branchMap":{"0":{"type":"branch","line":47,"loc":{"start":{"line":47,"column":0},"end":{"line":103,"column":1}},"locations":[{"start":{"line":47,"column":0},"end":{"line":103,"column":1}}]}},"b":{"0":[15]},"fnMap":{"0":{"name":"Intake","decl":{"start":{"line":47,"column":0},"end":{"line":103,"column":1}},"loc":{"start":{"line":47,"column":0},"end":{"line":103,"column":1}},"line":47}},"f":{"0":15}}
,"C:\\Users\\Khyle Sewpersaud\\Downloads\\Coding\\Web Dev\\water-watch\\front-end\\src\\components\\Questions.jsx": {"path":"C:\\Users\\Khyle Sewpersaud\\Downloads\\Coding\\Web Dev\\water-watch\\front-end\\src\\components\\Questions.jsx","all":false,"statementMap":{"0":{"start":{"line":1,"column":0},"end":{"line":1,"column":20}},"1":{"start":{"line":2,"column":0},"end":{"line":2,"column":56}},"2":{"start":{"line":3,"column":0},"end":{"line":3,"column":42}},"3":{"start":{"line":4,"column":0},"end":{"line":4,"column":34}},"4":{"start":{"line":5,"column":0},"end":{"line":5,"column":36}},"5":{"start":{"line":6,"column":0},"end":{"line":6,"column":0}},"6":{"start":{"line":7,"column":0},"end":{"line":7,"column":46}},"7":{"start":{"line":8,"column":0},"end":{"line":8,"column":44}},"8":{"start":{"line":9,"column":0},"end":{"line":9,"column":50}},"9":{"start":{"line":10,"column":0},"end":{"line":10,"column":0}},"10":{"start":{"line":11,"column":0},"end":{"line":11,"column":19}},"11":{"start":{"line":12,"column":0},"end":{"line":12,"column":36}},"12":{"start":{"line":13,"column":0},"end":{"line":13,"column":39}},"13":{"start":{"line":14,"column":0},"end":{"line":14,"column":47}},"14":{"start":{"line":15,"column":0},"end":{"line":15,"column":30}},"15":{"start":{"line":16,"column":0},"end":{"line":16,"column":6}},"16":{"start":{"line":17,"column":0},"end":{"line":17,"column":0}},"17":{"start":{"line":18,"column":0},"end":{"line":18,"column":60}},"18":{"start":{"line":19,"column":0},"end":{"line":19,"column":76}},"19":{"start":{"line":20,"column":0},"end":{"line":20,"column":9}},"20":{"start":{"line":21,"column":0},"end":{"line":21,"column":0}},"21":{"start":{"line":22,"column":0},"end":{"line":22,"column":23}},"22":{"start":{"line":23,"column":0},"end":{"line":23,"column":23}},"23":{"start":{"line":24,"column":0},"end":{"line":24,"column":25}},"24":{"start":{"line":25,"column":0},"end":{"line":25,"column":36}},"25":{"start":{"line":26,"column":0},"end":{"line":26,"column":36}},"26":{"start":{"line":27,"column":0},"end":{"line":27,"column":5}},"27":{"start":{"line":28,"column":0},"end":{"line":28,"column":4}},"28":{"start":{"line":29,"column":0},"end":{"line":29,"column":0}},"29":{"start":{"line":30,"column":0},"end":{"line":30,"column":23}},"30":{"start":{"line":31,"column":0},"end":{"line":31,"column":23}},"31":{"start":{"line":32,"column":0},"end":{"line":32,"column":25}},"32":{"start":{"line":33,"column":0},"end":{"line":33,"column":36}},"33":{"start":{"line":34,"column":0},"end":{"line":34,"column":36}},"34":{"start":{"line":35,"column":0},"end":{"line":35,"column":36}},"35":{"start":{"line":36,"column":0},"end":{"line":36,"column":5}},"36":{"start":{"line":37,"column":0},"end":{"line":37,"column":4}},"37":{"start":{"line":38,"column":0},"end":{"line":38,"column":0}},"38":{"start":{"line":39,"column":0},"end":{"line":39,"column":36}},"39":{"start":{"line":40,"column":0},"end":{"line":40,"column":57}},"40":{"start":{"line":41,"column":0},"end":{"line":41,"column":65}},"41":{"start":{"line":42,"column":0},"end":{"line":42,"column":22}},"42":{"start":{"line":43,"column":0},"end":{"line":43,"column":74}},"43":{"start":{"line":44,"column":0},"end":{"line":44,"column":5}},"44":{"start":{"line":45,"column":0},"end":{"line":45,"column":4}},"45":{"start":{"line":46,"column":0},"end":{"line":46,"column":0}},"46":{"start":{"line":47,"column":0},"end":{"line":47,"column":44}},"47":{"start":{"line":48,"column":0},"end":{"line":48,"column":0}},"48":{"start":{"line":49,"column":0},"end":{"line":49,"column":46}},"49":{"start":{"line":50,"column":0},"end":{"line":50,"column":42}},"50":{"start":{"line":51,"column":0},"end":{"line":51,"column":60}},"51":{"start":{"line":52,"column":0},"end":{"line":52,"column":47}},"52":{"start":{"line":53,"column":0},"end":{"line":53,"column":52}},"53":{"start":{"line":54,"column":0},"end":{"line":54,"column":54}},"54":{"start":{"line":55,"column":0},"end":{"line":55,"column":63}},"55":{"start":{"line":56,"column":0},"end":{"line":56,"column":0}},"56":{"start":{"line":57,"column":0},"end":{"line":57,"column":40}},"57":{"start":{"line":58,"column":0},"end":{"line":58,"column":39}},"58":{"start":{"line":59,"column":0},"end":{"line":59,"column":4}},"59":{"start":{"line":60,"column":0},"end":{"line":60,"column":0}},"60":{"start":{"line":61,"column":0},"end":{"line":61,"column":35}},"61":{"start":{"line":62,"column":0},"end":{"line":62,"column":34}},"62":{"start":{"line":63,"column":0},"end":{"line":63,"column":4}},"63":{"start":{"line":64,"column":0},"end":{"line":64,"column":0}},"64":{"start":{"line":65,"column":0},"end":{"line":65,"column":37}},"65":{"start":{"line":66,"column":0},"end":{"line":66,"column":33}},"66":{"start":{"line":67,"column":0},"end":{"line":67,"column":40}},"67":{"start":{"line":68,"column":0},"end":{"line":68,"column":54}},"68":{"start":{"line":69,"column":0},"end":{"line":69,"column":35}},"69":{"start":{"line":70,"column":0},"end":{"line":70,"column":12}},"70":{"start":{"line":71,"column":0},"end":{"line":71,"column":19}},"71":{"start":{"line":72,"column":0},"end":{"line":72,"column":5}},"72":{"start":{"line":73,"column":0},"end":{"line":73,"column":4}},"73":{"start":{"line":74,"column":0},"end":{"line":74,"column":0}},"74":{"start":{"line":75,"column":0},"end":{"line":75,"column":37}},"75":{"start":{"line":76,"column":0},"end":{"line":76,"column":30}},"76":{"start":{"line":77,"column":0},"end":{"line":77,"column":4}},"77":{"start":{"line":78,"column":0},"end":{"line":78,"column":0}},"78":{"start":{"line":79,"column":0},"end":{"line":79,"column":38}},"79":{"start":{"line":80,"column":0},"end":{"line":80,"column":31}},"80":{"start":{"line":81,"column":0},"end":{"line":81,"column":4}},"81":{"start":{"line":82,"column":0},"end":{"line":82,"column":0}},"82":{"start":{"line":83,"column":0},"end":{"line":83,"column":39}},"83":{"start":{"line":84,"column":0},"end":{"line":84,"column":33}},"84":{"start":{"line":85,"column":0},"end":{"line":85,"column":40}},"85":{"start":{"line":86,"column":0},"end":{"line":86,"column":55}},"86":{"start":{"line":87,"column":0},"end":{"line":87,"column":37}},"87":{"start":{"line":88,"column":0},"end":{"line":88,"column":12}},"88":{"start":{"line":89,"column":0},"end":{"line":89,"column":28}},"89":{"start":{"line":90,"column":0},"end":{"line":90,"column":5}},"90":{"start":{"line":91,"column":0},"end":{"line":91,"column":4}},"91":{"start":{"line":92,"column":0},"end":{"line":92,"column":46}},"92":{"start":{"line":93,"column":0},"end":{"line":93,"column":0}},"93":{"start":{"line":94,"column":0},"end":{"line":94,"column":40}},"94":{"start":{"line":95,"column":0},"end":{"line":95,"column":40}},"95":{"start":{"line":96,"column":0},"end":{"line":96,"column":45}},"96":{"start":{"line":97,"column":0},"end":{"line":97,"column":45}},"97":{"start":{"line":98,"column":0},"end":{"line":98,"column":0}},"98":{"start":{"line":99,"column":0},"end":{"line":99,"column":35}},"99":{"start":{"line":100,"column":0},"end":{"line":100,"column":31}},"100":{"start":{"line":101,"column":0},"end":{"line":101,"column":0}},"101":{"start":{"line":102,"column":0},"end":{"line":102,"column":28}},"102":{"start":{"line":103,"column":0},"end":{"line":103,"column":0}},"103":{"start":{"line":104,"column":0},"end":{"line":104,"column":39}},"104":{"start":{"line":105,"column":0},"end":{"line":105,"column":66}},"105":{"start":{"line":106,"column":0},"end":{"line":106,"column":0}},"106":{"start":{"line":107,"column":0},"end":{"line":107,"column":19}},"107":{"start":{"line":108,"column":0},"end":{"line":108,"column":0}},"108":{"start":{"line":109,"column":0},"end":{"line":109,"column":23}},"109":{"start":{"line":110,"column":0},"end":{"line":110,"column":56}},"110":{"start":{"line":111,"column":0},"end":{"line":111,"column":5}},"111":{"start":{"line":112,"column":0},"end":{"line":112,"column":4}},"112":{"start":{"line":113,"column":0},"end":{"line":113,"column":0}},"113":{"start":{"line":114,"column":0},"end":{"line":114,"column":37}},"114":{"start":{"line":115,"column":0},"end":{"line":115,"column":31}},"115":{"start":{"line":116,"column":0},"end":{"line":116,"column":38}},"116":{"start":{"line":117,"column":0},"end":{"line":117,"column":28}},"117":{"start":{"line":118,"column":0},"end":{"line":118,"column":39}},"118":{"start":{"line":119,"column":0},"end":{"line":119,"column":71}},"119":{"start":{"line":120,"column":0},"end":{"line":120,"column":38}},"120":{"start":{"line":121,"column":0},"end":{"line":121,"column":4}},"121":{"start":{"line":122,"column":0},"end":{"line":122,"column":0}},"122":{"start":{"line":123,"column":0},"end":{"line":123,"column":37}},"123":{"start":{"line":124,"column":0},"end":{"line":124,"column":30}},"124":{"start":{"line":125,"column":0},"end":{"line":125,"column":4}},"125":{"start":{"line":126,"column":0},"end":{"line":126,"column":40}},"126":{"start":{"line":127,"column":0},"end":{"line":127,"column":0}},"127":{"start":{"line":128,"column":0},"end":{"line":128,"column":36}},"128":{"start":{"line":129,"column":0},"end":{"line":129,"column":52}},"129":{"start":{"line":130,"column":0},"end":{"line":130,"column":60}},"130":{"start":{"line":131,"column":0},"end":{"line":131,"column":0}},"131":{"start":{"line":132,"column":0},"end":{"line":132,"column":51}},"132":{"start":{"line":133,"column":0},"end":{"line":133,"column":36}},"133":{"start":{"line":134,"column":0},"end":{"line":134,"column":33}},"134":{"start":{"line":135,"column":0},"end":{"line":135,"column":27}},"135":{"start":{"line":136,"column":0},"end":{"line":136,"column":4}},"136":{"start":{"line":137,"column":0},"end":{"line":137,"column":36}},"137":{"start":{"line":138,"column":0},"end":{"line":138,"column":0}},"138":{"start":{"line":139,"column":0},"end":{"line":139,"column":60}},"139":{"start":{"line":140,"column":0},"end":{"line":140,"column":0}},"140":{"start":{"line":141,"column":0},"end":{"line":141,"column":29}},"141":{"start":{"line":142,"column":0},"end":{"line":142,"column":34}},"142":{"start":{"line":143,"column":0},"end":{"line":143,"column":4}},"143":{"start":{"line":144,"column":0},"end":{"line":144,"column":0}},"144":{"start":{"line":145,"column":0},"end":{"line":145,"column":10}},"145":{"start":{"line":146,"column":0},"end":{"line":146,"column":6}},"146":{"start":{"line":147,"column":0},"end":{"line":147,"column":64}},"147":{"start":{"line":148,"column":0},"end":{"line":148,"column":43}},"148":{"start":{"line":149,"column":0},"end":{"line":149,"column":61}},"149":{"start":{"line":150,"column":0},"end":{"line":150,"column":12}},"150":{"start":{"line":151,"column":0},"end":{"line":151,"column":0}},"151":{"start":{"line":152,"column":0},"end":{"line":152,"column":36}},"152":{"start":{"line":153,"column":0},"end":{"line":153,"column":73}},"153":{"start":{"line":154,"column":0},"end":{"line":154,"column":77}},"154":{"start":{"line":155,"column":0},"end":{"line":155,"column":19}},"155":{"start":{"line":156,"column":0},"end":{"line":156,"column":46}},"156":{"start":{"line":157,"column":0},"end":{"line":157,"column":52}},"157":{"start":{"line":158,"column":0},"end":{"line":158,"column":28}},"158":{"start":{"line":159,"column":0},"end":{"line":159,"column":13}},"159":{"start":{"line":160,"column":0},"end":{"line":160,"column":15}},"160":{"start":{"line":161,"column":0},"end":{"line":161,"column":21}},"161":{"start":{"line":162,"column":0},"end":{"line":162,"column":16}},"162":{"start":{"line":163,"column":0},"end":{"line":163,"column":94}},"163":{"start":{"line":164,"column":0},"end":{"line":164,"column":48}},"164":{"start":{"line":165,"column":0},"end":{"line":165,"column":13}},"165":{"start":{"line":166,"column":0},"end":{"line":166,"column":18}},"166":{"start":{"line":167,"column":0},"end":{"line":167,"column":27}},"167":{"start":{"line":168,"column":0},"end":{"line":168,"column":89}},"168":{"start":{"line":169,"column":0},"end":{"line":169,"column":55}},"169":{"start":{"line":170,"column":0},"end":{"line":170,"column":19}},"170":{"start":{"line":171,"column":0},"end":{"line":171,"column":15}},"171":{"start":{"line":172,"column":0},"end":{"line":172,"column":75}},"172":{"start":{"line":173,"column":0},"end":{"line":173,"column":88}},"173":{"start":{"line":174,"column":0},"end":{"line":174,"column":52}},"174":{"start":{"line":175,"column":0},"end":{"line":175,"column":24}},"175":{"start":{"line":176,"column":0},"end":{"line":176,"column":0}},"176":{"start":{"line":177,"column":0},"end":{"line":177,"column":55}},"177":{"start":{"line":178,"column":0},"end":{"line":178,"column":31}},"178":{"start":{"line":179,"column":0},"end":{"line":179,"column":37}},"179":{"start":{"line":180,"column":0},"end":{"line":180,"column":55}},"180":{"start":{"line":181,"column":0},"end":{"line":181,"column":33}},"181":{"start":{"line":182,"column":0},"end":{"line":182,"column":51}},"182":{"start":{"line":183,"column":0},"end":{"line":183,"column":37}},"183":{"start":{"line":184,"column":0},"end":{"line":184,"column":55}},"184":{"start":{"line":185,"column":0},"end":{"line":185,"column":22}},"185":{"start":{"line":186,"column":0},"end":{"line":186,"column":24}},"186":{"start":{"line":187,"column":0},"end":{"line":187,"column":22}},"187":{"start":{"line":188,"column":0},"end":{"line":188,"column":20}},"188":{"start":{"line":189,"column":0},"end":{"line":189,"column":18}},"189":{"start":{"line":190,"column":0},"end":{"line":190,"column":27}},"190":{"start":{"line":191,"column":0},"end":{"line":191,"column":89}},"191":{"start":{"line":192,"column":0},"end":{"line":192,"column":55}},"192":{"start":{"line":193,"column":0},"end":{"line":193,"column":19}},"193":{"start":{"line":194,"column":0},"end":{"line":194,"column":15}},"194":{"start":{"line":195,"column":0},"end":{"line":195,"column":71}},"195":{"start":{"line":196,"column":0},"end":{"line":196,"column":57}},"196":{"start":{"line":197,"column":0},"end":{"line":197,"column":78}},"197":{"start":{"line":198,"column":0},"end":{"line":198,"column":86}},"198":{"start":{"line":199,"column":0},"end":{"line":199,"column":29}},"199":{"start":{"line":200,"column":0},"end":{"line":200,"column":100}},"200":{"start":{"line":201,"column":0},"end":{"line":201,"column":38}},"201":{"start":{"line":202,"column":0},"end":{"line":202,"column":53}},"202":{"start":{"line":203,"column":0},"end":{"line":203,"column":43}},"203":{"start":{"line":204,"column":0},"end":{"line":204,"column":23}},"204":{"start":{"line":205,"column":0},"end":{"line":205,"column":58}},"205":{"start":{"line":206,"column":0},"end":{"line":206,"column":62}},"206":{"start":{"line":207,"column":0},"end":{"line":207,"column":31}},"207":{"start":{"line":208,"column":0},"end":{"line":208,"column":26}},"208":{"start":{"line":209,"column":0},"end":{"line":209,"column":24}},"209":{"start":{"line":210,"column":0},"end":{"line":210,"column":54}},"210":{"start":{"line":211,"column":0},"end":{"line":211,"column":78}},"211":{"start":{"line":212,"column":0},"end":{"line":212,"column":38}},"212":{"start":{"line":213,"column":0},"end":{"line":213,"column":71}},"213":{"start":{"line":214,"column":0},"end":{"line":214,"column":30}},"214":{"start":{"line":215,"column":0},"end":{"line":215,"column":109}},"215":{"start":{"line":216,"column":0},"end":{"line":216,"column":40}},"216":{"start":{"line":217,"column":0},"end":{"line":217,"column":55}},"217":{"start":{"line":218,"column":0},"end":{"line":218,"column":45}},"218":{"start":{"line":219,"column":0},"end":{"line":219,"column":26}},"219":{"start":{"line":220,"column":0},"end":{"line":220,"column":61}},"220":{"start":{"line":221,"column":0},"end":{"line":221,"column":33}},"221":{"start":{"line":222,"column":0},"end":{"line":222,"column":100}},"222":{"start":{"line":223,"column":0},"end":{"line":223,"column":46}},"223":{"start":{"line":224,"column":0},"end":{"line":224,"column":55}},"224":{"start":{"line":225,"column":0},"end":{"line":225,"column":27}},"225":{"start":{"line":226,"column":0},"end":{"line":226,"column":60}},"226":{"start":{"line":227,"column":0},"end":{"line":227,"column":58}},"227":{"start":{"line":228,"column":0},"end":{"line":228,"column":35}},"228":{"start":{"line":229,"column":0},"end":{"line":229,"column":30}},"229":{"start":{"line":230,"column":0},"end":{"line":230,"column":28}},"230":{"start":{"line":231,"column":0},"end":{"line":231,"column":26}},"231":{"start":{"line":232,"column":0},"end":{"line":232,"column":24}},"232":{"start":{"line":233,"column":0},"end":{"line":233,"column":22}},"233":{"start":{"line":234,"column":0},"end":{"line":234,"column":20}},"234":{"start":{"line":235,"column":0},"end":{"line":235,"column":18}},"235":{"start":{"line":236,"column":0},"end":{"line":236,"column":27}},"236":{"start":{"line":237,"column":0},"end":{"line":237,"column":74}},"237":{"start":{"line":238,"column":0},"end":{"line":238,"column":55}},"238":{"start":{"line":239,"column":0},"end":{"line":239,"column":19}},"239":{"start":{"line":240,"column":0},"end":{"line":240,"column":15}},"240":{"start":{"line":241,"column":0},"end":{"line":241,"column":74}},"241":{"start":{"line":242,"column":0},"end":{"line":242,"column":83}},"242":{"start":{"line":243,"column":0},"end":{"line":243,"column":79}},"243":{"start":{"line":244,"column":0},"end":{"line":244,"column":88}},"244":{"start":{"line":245,"column":0},"end":{"line":245,"column":39}},"245":{"start":{"line":246,"column":0},"end":{"line":246,"column":27}},"246":{"start":{"line":247,"column":0},"end":{"line":247,"column":78}},"247":{"start":{"line":248,"column":0},"end":{"line":248,"column":31}},"248":{"start":{"line":249,"column":0},"end":{"line":249,"column":102}},"249":{"start":{"line":250,"column":0},"end":{"line":250,"column":41}},"250":{"start":{"line":251,"column":0},"end":{"line":251,"column":56}},"251":{"start":{"line":252,"column":0},"end":{"line":252,"column":46}},"252":{"start":{"line":253,"column":0},"end":{"line":253,"column":25}},"253":{"start":{"line":254,"column":0},"end":{"line":254,"column":60}},"254":{"start":{"line":255,"column":0},"end":{"line":255,"column":66}},"255":{"start":{"line":256,"column":0},"end":{"line":256,"column":60}},"256":{"start":{"line":257,"column":0},"end":{"line":257,"column":58}},"257":{"start":{"line":258,"column":0},"end":{"line":258,"column":33}},"258":{"start":{"line":259,"column":0},"end":{"line":259,"column":28}},"259":{"start":{"line":260,"column":0},"end":{"line":260,"column":26}},"260":{"start":{"line":261,"column":0},"end":{"line":261,"column":24}},"261":{"start":{"line":262,"column":0},"end":{"line":262,"column":68}},"262":{"start":{"line":263,"column":0},"end":{"line":263,"column":77}},"263":{"start":{"line":264,"column":0},"end":{"line":264,"column":47}},"264":{"start":{"line":265,"column":0},"end":{"line":265,"column":25}},"265":{"start":{"line":266,"column":0},"end":{"line":266,"column":57}},"266":{"start":{"line":267,"column":0},"end":{"line":267,"column":28}},"267":{"start":{"line":268,"column":0},"end":{"line":268,"column":109}},"268":{"start":{"line":269,"column":0},"end":{"line":269,"column":47}},"269":{"start":{"line":270,"column":0},"end":{"line":270,"column":55}},"270":{"start":{"line":271,"column":0},"end":{"line":271,"column":45}},"271":{"start":{"line":272,"column":0},"end":{"line":272,"column":24}},"272":{"start":{"line":273,"column":0},"end":{"line":273,"column":26}},"273":{"start":{"line":274,"column":0},"end":{"line":274,"column":24}},"274":{"start":{"line":275,"column":0},"end":{"line":275,"column":22}},"275":{"start":{"line":276,"column":0},"end":{"line":276,"column":20}},"276":{"start":{"line":277,"column":0},"end":{"line":277,"column":18}},"277":{"start":{"line":278,"column":0},"end":{"line":278,"column":27}},"278":{"start":{"line":279,"column":0},"end":{"line":279,"column":95}},"279":{"start":{"line":280,"column":0},"end":{"line":280,"column":55}},"280":{"start":{"line":281,"column":0},"end":{"line":281,"column":19}},"281":{"start":{"line":282,"column":0},"end":{"line":282,"column":15}},"282":{"start":{"line":283,"column":0},"end":{"line":283,"column":46}},"283":{"start":{"line":284,"column":0},"end":{"line":284,"column":61}},"284":{"start":{"line":285,"column":0},"end":{"line":285,"column":77}},"285":{"start":{"line":286,"column":0},"end":{"line":286,"column":46}},"286":{"start":{"line":287,"column":0},"end":{"line":287,"column":25}},"287":{"start":{"line":288,"column":0},"end":{"line":288,"column":24}},"288":{"start":{"line":289,"column":0},"end":{"line":289,"column":65}},"289":{"start":{"line":290,"column":0},"end":{"line":290,"column":80}},"290":{"start":{"line":291,"column":0},"end":{"line":291,"column":73}},"291":{"start":{"line":292,"column":0},"end":{"line":292,"column":75}},"292":{"start":{"line":293,"column":0},"end":{"line":293,"column":80}},"293":{"start":{"line":294,"column":0},"end":{"line":294,"column":79}},"294":{"start":{"line":295,"column":0},"end":{"line":295,"column":80}},"295":{"start":{"line":296,"column":0},"end":{"line":296,"column":77}},"296":{"start":{"line":297,"column":0},"end":{"line":297,"column":54}},"297":{"start":{"line":298,"column":0},"end":{"line":298,"column":24}},"298":{"start":{"line":299,"column":0},"end":{"line":299,"column":24}},"299":{"start":{"line":300,"column":0},"end":{"line":300,"column":60}},"300":{"start":{"line":301,"column":0},"end":{"line":301,"column":26}},"301":{"start":{"line":302,"column":0},"end":{"line":302,"column":134}},"302":{"start":{"line":303,"column":0},"end":{"line":303,"column":41}},"303":{"start":{"line":304,"column":0},"end":{"line":304,"column":70}},"304":{"start":{"line":305,"column":0},"end":{"line":305,"column":22}},"305":{"start":{"line":306,"column":0},"end":{"line":306,"column":27}},"306":{"start":{"line":307,"column":0},"end":{"line":307,"column":134}},"307":{"start":{"line":308,"column":0},"end":{"line":308,"column":45}},"308":{"start":{"line":309,"column":0},"end":{"line":309,"column":54}},"309":{"start":{"line":310,"column":0},"end":{"line":310,"column":21}},"310":{"start":{"line":311,"column":0},"end":{"line":311,"column":52}},"311":{"start":{"line":312,"column":0},"end":{"line":312,"column":52}},"312":{"start":{"line":313,"column":0},"end":{"line":313,"column":29}},"313":{"start":{"line":314,"column":0},"end":{"line":314,"column":24}},"314":{"start":{"line":315,"column":0},"end":{"line":315,"column":55}},"315":{"start":{"line":316,"column":0},"end":{"line":316,"column":27}},"316":{"start":{"line":317,"column":0},"end":{"line":317,"column":39}},"317":{"start":{"line":318,"column":0},"end":{"line":318,"column":61}},"318":{"start":{"line":319,"column":0},"end":{"line":319,"column":22}},"319":{"start":{"line":320,"column":0},"end":{"line":320,"column":24}},"320":{"start":{"line":321,"column":0},"end":{"line":321,"column":22}},"321":{"start":{"line":322,"column":0},"end":{"line":322,"column":53}},"322":{"start":{"line":323,"column":0},"end":{"line":323,"column":25}},"323":{"start":{"line":324,"column":0},"end":{"line":324,"column":78}},"324":{"start":{"line":325,"column":0},"end":{"line":325,"column":41}},"325":{"start":{"line":326,"column":0},"end":{"line":326,"column":19}},"326":{"start":{"line":327,"column":0},"end":{"line":327,"column":25}},"327":{"start":{"line":328,"column":0},"end":{"line":328,"column":27}},"328":{"start":{"line":329,"column":0},"end":{"line":329,"column":22}},"329":{"start":{"line":330,"column":0},"end":{"line":330,"column":20}},"330":{"start":{"line":331,"column":0},"end":{"line":331,"column":18}},"331":{"start":{"line":332,"column":0},"end":{"line":332,"column":19}},"332":{"start":{"line":333,"column":0},"end":{"line":333,"column":46}},"333":{"start":{"line":334,"column":0},"end":{"line":334,"column":60}},"334":{"start":{"line":335,"column":0},"end":{"line":335,"column":28}},"335":{"start":{"line":336,"column":0},"end":{"line":336,"column":13}},"336":{"start":{"line":337,"column":0},"end":{"line":337,"column":15}},"337":{"start":{"line":338,"column":0},"end":{"line":338,"column":21}},"338":{"start":{"line":339,"column":0},"end":{"line":339,"column":17}},"339":{"start":{"line":340,"column":0},"end":{"line":340,"column":18}},"340":{"start":{"line":341,"column":0},"end":{"line":341,"column":16}},"341":{"start":{"line":342,"column":0},"end":{"line":342,"column":22}},"342":{"start":{"line":343,"column":0},"end":{"line":343,"column":25}},"343":{"start":{"line":344,"column":0},"end":{"line":344,"column":25}},"344":{"start":{"line":345,"column":0},"end":{"line":345,"column":25}},"345":{"start":{"line":346,"column":0},"end":{"line":346,"column":25}},"346":{"start":{"line":347,"column":0},"end":{"line":347,"column":27}},"347":{"start":{"line":348,"column":0},"end":{"line":348,"column":43}},"348":{"start":{"line":349,"column":0},"end":{"line":349,"column":27}},"349":{"start":{"line":350,"column":0},"end":{"line":350,"column":33}},"350":{"start":{"line":351,"column":0},"end":{"line":351,"column":43}},"351":{"start":{"line":352,"column":0},"end":{"line":352,"column":35}},"352":{"start":{"line":353,"column":0},"end":{"line":353,"column":10}},"353":{"start":{"line":354,"column":0},"end":{"line":354,"column":12}},"354":{"start":{"line":355,"column":0},"end":{"line":355,"column":7}},"355":{"start":{"line":356,"column":0},"end":{"line":356,"column":4}},"356":{"start":{"line":357,"column":0},"end":{"line":357,"column":3}},"357":{"start":{"line":358,"column":0},"end":{"line":358,"column":0}},"358":{"start":{"line":359,"column":0},"end":{"line":359,"column":36}},"359":{"start":{"line":360,"column":0},"end":{"line":360,"column":0}},"360":{"start":{"line":361,"column":0},"end":{"line":361,"column":25}}},"s":{"0":1,"1":1,"2":1,"3":1,"4":1,"5":1,"6":1,"7":15,"8":15,"9":15,"10":15,"11":6,"12":0,"13":0,"14":0,"15":0,"16":6,"17":6,"18":6,"19":15,"20":15,"21":15,"22":1,"23":1,"24":1,"25":1,"26":1,"27":1,"28":15,"29":15,"30":2,"31":2,"32":2,"33":2,"34":2,"35":2,"36":2,"37":15,"38":15,"39":3,"40":3,"41":3,"42":3,"43":3,"44":3,"45":15,"46":15,"47":15,"48":15,"49":15,"50":15,"51":15,"52":15,"53":15,"54":15,"55":15,"56":15,"57":0,"58":0,"59":15,"60":15,"61":0,"62":0,"63":15,"64":15,"65":2,"66":2,"67":2,"68":2,"69":2,"70":0,"71":0,"72":2,"73":15,"74":15,"75":2,"76":2,"77":15,"78":15,"79":1,"80":1,"81":15,"82":15,"83":1,"84":1,"85":1,"86":1,"87":1,"88":0,"89":0,"90":1,"91":15,"92":15,"93":15,"94":15,"95":15,"96":15,"97":15,"98":15,"99":0,"100":0,"101":0,"102":0,"103":0,"104":0,"105":0,"106":0,"107":0,"108":0,"109":0,"110":0,"111":0,"112":15,"113":15,"114":0,"115":0,"116":0,"117":0,"118":0,"119":0,"120":0,"121":15,"122":15,"123":0,"124":0,"125":15,"126":15,"127":15,"128":15,"129":15,"130":15,"131":15,"132":0,"133":0,"134":0,"135":0,"136":15,"137":15,"138":15,"139":15,"140":15,"141":0,"142":0,"143":15,"144":15,"145":15,"146":15,"147":15,"148":15,"149":15,"150":15,"151":15,"152":15,"153":15,"154":15,"155":15,"156":15,"157":15,"158":15,"159":15,"160":15,"161":15,"162":15,"163":15,"164":15,"165":15,"166":15,"167":15,"168":15,"169":15,"170":15,"171":15,"172":15,"173":15,"174":15,"175":15,"176":15,"177":15,"178":15,"179":15,"180":15,"181":15,"182":15,"183":15,"184":15,"185":15,"186":15,"187":15,"188":15,"189":15,"190":15,"191":15,"192":15,"193":15,"194":15,"195":15,"196":15,"197":15,"198":15,"199":15,"200":15,"201":15,"202":15,"203":15,"204":15,"205":15,"206":15,"207":15,"208":15,"209":15,"210":15,"211":15,"212":15,"213":15,"214":15,"215":15,"216":15,"217":15,"218":15,"219":15,"220":15,"221":15,"222":15,"223":15,"224":15,"225":15,"226":15,"227":15,"228":15,"229":15,"230":15,"231":15,"232":15,"233":15,"234":15,"235":15,"236":15,"237":15,"238":15,"239":15,"240":15,"241":15,"242":15,"243":15,"244":15,"245":15,"246":15,"247":15,"248":15,"249":15,"250":15,"251":15,"252":15,"253":15,"254":15,"255":15,"256":15,"257":15,"258":15,"259":15,"260":15,"261":15,"262":15,"263":15,"264":15,"265":15,"266":15,"267":15,"268":15,"269":15,"270":15,"271":15,"272":15,"273":15,"274":15,"275":15,"276":15,"277":15,"278":15,"279":15,"280":15,"281":15,"282":15,"283":15,"284":15,"285":15,"286":15,"287":15,"288":15,"289":15,"290":15,"291":15,"292":15,"293":15,"294":15,"295":15,"296":15,"297":15,"298":15,"299":15,"300":15,"301":15,"302":15,"303":15,"304":15,"305":15,"306":15,"307":15,"308":15,"309":15,"310":15,"311":15,"312":15,"313":15,"314":15,"315":15,"316":15,"317":15,"318":15,"319":15,"320":15,"321":15,"322":15,"323":15,"324":15,"325":15,"326":15,"327":15,"328":15,"329":15,"330":15,"331":15,"332":15,"333":15,"334":15,"335":15,"336":15,"337":15,"338":15,"339":15,"340":15,"341":15,"342":15,"343":15,"344":15,"345":15,"346":15,"347":15,"348":15,"349":15,"350":15,"351":15,"352":15,"353":15,"354":15,"355":15,"356":15,"357":1,"358":1,"359":1,"360":1},"branchMap":{"0":{"type":"branch","line":7,"loc":{"start":{"line":7,"column":29},"end":{"line":357,"column":3}},"locations":[{"start":{"line":7,"column":29},"end":{"line":357,"column":3}}]},"1":{"type":"branch","line":139,"loc":{"start":{"line":139,"column":40},"end":{"line":139,"column":53}},"locations":[{"start":{"line":139,"column":40},"end":{"line":139,"column":53}}]},"2":{"type":"branch","line":169,"loc":{"start":{"line":169,"column":33},"end":{"line":169,"column":47}},"locations":[{"start":{"line":169,"column":33},"end":{"line":169,"column":47}}]},"3":{"type":"branch","line":169,"loc":{"start":{"line":169,"column":37},"end":{"line":169,"column":55}},"locations":[{"start":{"line":169,"column":37},"end":{"line":169,"column":55}}]},"4":{"type":"branch","line":192,"loc":{"start":{"line":192,"column":33},"end":{"line":192,"column":47}},"locations":[{"start":{"line":192,"column":33},"end":{"line":192,"column":47}}]},"5":{"type":"branch","line":192,"loc":{"start":{"line":192,"column":37},"end":{"line":192,"column":55}},"locations":[{"start":{"line":192,"column":37},"end":{"line":192,"column":55}}]},"6":{"type":"branch","line":238,"loc":{"start":{"line":238,"column":33},"end":{"line":238,"column":47}},"locations":[{"start":{"line":238,"column":33},"end":{"line":238,"column":47}}]},"7":{"type":"branch","line":280,"loc":{"start":{"line":280,"column":33},"end":{"line":280,"column":47}},"locations":[{"start":{"line":280,"column":33},"end":{"line":280,"column":47}}]},"8":{"type":"branch","line":11,"loc":{"start":{"line":11,"column":12},"end":{"line":20,"column":5}},"locations":[{"start":{"line":11,"column":12},"end":{"line":20,"column":5}}]},"9":{"type":"branch","line":19,"loc":{"start":{"line":19,"column":11},"end":{"line":19,"column":76}},"locations":[{"start":{"line":19,"column":11},"end":{"line":19,"column":76}}]},"10":{"type":"branch","line":22,"loc":{"start":{"line":22,"column":15},"end":{"line":28,"column":4}},"locations":[{"start":{"line":22,"column":15},"end":{"line":28,"column":4}}]},"11":{"type":"branch","line":30,"loc":{"start":{"line":30,"column":15},"end":{"line":37,"column":4}},"locations":[{"start":{"line":30,"column":15},"end":{"line":37,"column":4}}]},"12":{"type":"branch","line":39,"loc":{"start":{"line":39,"column":24},"end":{"line":45,"column":4}},"locations":[{"start":{"line":39,"column":24},"end":{"line":45,"column":4}}]},"13":{"type":"branch","line":65,"loc":{"start":{"line":65,"column":29},"end":{"line":73,"column":4}},"locations":[{"start":{"line":65,"column":29},"end":{"line":73,"column":4}}]},"14":{"type":"branch","line":70,"loc":{"start":{"line":70,"column":4},"end":{"line":72,"column":5}},"locations":[{"start":{"line":70,"column":4},"end":{"line":72,"column":5}}]},"15":{"type":"branch","line":75,"loc":{"start":{"line":75,"column":29},"end":{"line":77,"column":4}},"locations":[{"start":{"line":75,"column":29},"end":{"line":77,"column":4}}]},"16":{"type":"branch","line":79,"loc":{"start":{"line":79,"column":30},"end":{"line":81,"column":4}},"locations":[{"start":{"line":79,"column":30},"end":{"line":81,"column":4}}]},"17":{"type":"branch","line":83,"loc":{"start":{"line":83,"column":31},"end":{"line":91,"column":4}},"locations":[{"start":{"line":83,"column":31},"end":{"line":91,"column":4}}]},"18":{"type":"branch","line":88,"loc":{"start":{"line":88,"column":4},"end":{"line":90,"column":5}},"locations":[{"start":{"line":88,"column":4},"end":{"line":90,"column":5}}]}},"b":{"0":[15],"1":[0],"2":[13],"3":[2],"4":[2],"5":[13],"6":[0],"7":[0],"8":[6],"9":[6],"10":[1],"11":[2],"12":[3],"13":[2],"14":[0],"15":[2],"16":[1],"17":[1],"18":[0]},"fnMap":{"0":{"name":"handleHashChange","decl":{"start":{"line":12,"column":29},"end":{"line":16,"column":6}},"loc":{"start":{"line":12,"column":29},"end":{"line":16,"column":6}},"line":12},"1":{"name":"prev","decl":{"start":{"line":22,"column":15},"end":{"line":28,"column":4}},"loc":{"start":{"line":22,"column":15},"end":{"line":28,"column":4}},"line":22},"2":{"name":"next","decl":{"start":{"line":30,"column":15},"end":{"line":37,"column":4}},"loc":{"start":{"line":30,"column":15},"end":{"line":37,"column":4}},"line":30},"3":{"name":"scrollToSlide","decl":{"start":{"line":39,"column":24},"end":{"line":45,"column":4}},"loc":{"start":{"line":39,"column":24},"end":{"line":45,"column":4}},"line":39},"4":{"name":"handleDirectInputUnit","decl":{"start":{"line":57,"column":32},"end":{"line":59,"column":4}},"loc":{"start":{"line":57,"column":32},"end":{"line":59,"column":4}},"line":57},"5":{"name":"handleWeightUnit","decl":{"start":{"line":61,"column":27},"end":{"line":63,"column":4}},"loc":{"start":{"line":61,"column":27},"end":{"line":63,"column":4}},"line":61},"6":{"name":"handleWeightChange","decl":{"start":{"line":65,"column":29},"end":{"line":73,"column":4}},"loc":{"start":{"line":65,"column":29},"end":{"line":73,"column":4}},"line":65},"7":{"name":"handleGenderChange","decl":{"start":{"line":75,"column":29},"end":{"line":77,"column":4}},"loc":{"start":{"line":75,"column":29},"end":{"line":77,"column":4}},"line":75},"8":{"name":"handleClimateChange","decl":{"start":{"line":79,"column":30},"end":{"line":81,"column":4}},"loc":{"start":{"line":79,"column":30},"end":{"line":81,"column":4}},"line":79},"9":{"name":"handleExerciseChange","decl":{"start":{"line":83,"column":31},"end":{"line":91,"column":4}},"loc":{"start":{"line":83,"column":31},"end":{"line":91,"column":4}},"line":83},"10":{"name":"handleHourChange","decl":{"start":{"line":99,"column":27},"end":{"line":112,"column":4}},"loc":{"start":{"line":99,"column":27},"end":{"line":112,"column":4}},"line":99},"11":{"name":"handleMinuteChange","decl":{"start":{"line":114,"column":29},"end":{"line":121,"column":4}},"loc":{"start":{"line":114,"column":29},"end":{"line":121,"column":4}},"line":114},"12":{"name":"handlePeriodChange","decl":{"start":{"line":123,"column":29},"end":{"line":125,"column":4}},"loc":{"start":{"line":123,"column":29},"end":{"line":125,"column":4}},"line":123},"13":{"name":"handleBottleChange","decl":{"start":{"line":132,"column":29},"end":{"line":136,"column":4}},"loc":{"start":{"line":132,"column":29},"end":{"line":136,"column":4}},"line":132},"14":{"name":"clearButton","decl":{"start":{"line":141,"column":22},"end":{"line":143,"column":4}},"loc":{"start":{"line":141,"column":22},"end":{"line":143,"column":4}},"line":141},"15":{"name":"onChange","decl":{"start":{"line":304,"column":32},"end":{"line":304,"column":70}},"loc":{"start":{"line":304,"column":32},"end":{"line":304,"column":70}},"line":304}},"f":{"0":0,"1":1,"2":2,"3":3,"4":0,"5":0,"6":2,"7":2,"8":1,"9":1,"10":0,"11":0,"12":0,"13":0,"14":0,"15":0}}
,"C:\\Users\\Khyle Sewpersaud\\Downloads\\Coding\\Web Dev\\water-watch\\front-end\\src\\components\\Results.jsx": {"path":"C:\\Users\\Khyle Sewpersaud\\Downloads\\Coding\\Web Dev\\water-watch\\front-end\\src\\components\\Results.jsx","all":false,"statementMap":{"0":{"start":{"line":1,"column":0},"end":{"line":1,"column":20}},"1":{"start":{"line":2,"column":0},"end":{"line":2,"column":33}},"2":{"start":{"line":3,"column":0},"end":{"line":3,"column":44}},"3":{"start":{"line":4,"column":0},"end":{"line":4,"column":50}},"4":{"start":{"line":5,"column":0},"end":{"line":5,"column":46}},"5":{"start":{"line":6,"column":0},"end":{"line":6,"column":58}},"6":{"start":{"line":7,"column":0},"end":{"line":7,"column":54}},"7":{"start":{"line":8,"column":0},"end":{"line":8,"column":48}},"8":{"start":{"line":9,"column":0},"end":{"line":9,"column":50}},"9":{"start":{"line":10,"column":0},"end":{"line":10,"column":56}},"10":{"start":{"line":11,"column":0},"end":{"line":11,"column":48}},"11":{"start":{"line":12,"column":0},"end":{"line":12,"column":48}},"12":{"start":{"line":13,"column":0},"end":{"line":13,"column":50}},"13":{"start":{"line":14,"column":0},"end":{"line":14,"column":54}},"14":{"start":{"line":15,"column":0},"end":{"line":15,"column":48}},"15":{"start":{"line":16,"column":0},"end":{"line":16,"column":50}},"16":{"start":{"line":17,"column":0},"end":{"line":17,"column":44}},"17":{"start":{"line":18,"column":0},"end":{"line":18,"column":42}},"18":{"start":{"line":19,"column":0},"end":{"line":19,"column":56}},"19":{"start":{"line":20,"column":0},"end":{"line":20,"column":52}},"20":{"start":{"line":21,"column":0},"end":{"line":21,"column":35}},"21":{"start":{"line":22,"column":0},"end":{"line":22,"column":42}},"22":{"start":{"line":23,"column":0},"end":{"line":23,"column":0}},"23":{"start":{"line":24,"column":0},"end":{"line":24,"column":23}},"24":{"start":{"line":25,"column":0},"end":{"line":25,"column":10}},"25":{"start":{"line":26,"column":0},"end":{"line":26,"column":9}},"26":{"start":{"line":27,"column":0},"end":{"line":27,"column":9}},"27":{"start":{"line":28,"column":0},"end":{"line":28,"column":10}},"28":{"start":{"line":29,"column":0},"end":{"line":29,"column":9}},"29":{"start":{"line":30,"column":0},"end":{"line":30,"column":9}},"30":{"start":{"line":31,"column":0},"end":{"line":31,"column":10}},"31":{"start":{"line":32,"column":0},"end":{"line":32,"column":9}},"32":{"start":{"line":33,"column":0},"end":{"line":33,"column":9}},"33":{"start":{"line":34,"column":0},"end":{"line":34,"column":9}},"34":{"start":{"line":35,"column":0},"end":{"line":35,"column":10}},"35":{"start":{"line":36,"column":0},"end":{"line":36,"column":11}},"36":{"start":{"line":37,"column":0},"end":{"line":37,"column":10}},"37":{"start":{"line":38,"column":0},"end":{"line":38,"column":10}},"38":{"start":{"line":39,"column":0},"end":{"line":39,"column":10}},"39":{"start":{"line":40,"column":0},"end":{"line":40,"column":10}},"40":{"start":{"line":41,"column":0},"end":{"line":41,"column":10}},"41":{"start":{"line":42,"column":0},"end":{"line":42,"column":9}},"42":{"start":{"line":43,"column":0},"end":{"line":43,"column":2}},"43":{"start":{"line":44,"column":0},"end":{"line":44,"column":0}},"44":{"start":{"line":45,"column":0},"end":{"line":45,"column":23}},"45":{"start":{"line":46,"column":0},"end":{"line":46,"column":3}},"46":{"start":{"line":47,"column":0},"end":{"line":47,"column":19}},"47":{"start":{"line":48,"column":0},"end":{"line":48,"column":20}},"48":{"start":{"line":49,"column":0},"end":{"line":49,"column":25}},"49":{"start":{"line":50,"column":0},"end":{"line":50,"column":32}},"50":{"start":{"line":51,"column":0},"end":{"line":51,"column":4}},"51":{"start":{"line":52,"column":0},"end":{"line":52,"column":3}},"52":{"start":{"line":53,"column":0},"end":{"line":53,"column":26}},"53":{"start":{"line":54,"column":0},"end":{"line":54,"column":28}},"54":{"start":{"line":55,"column":0},"end":{"line":55,"column":25}},"55":{"start":{"line":56,"column":0},"end":{"line":56,"column":31}},"56":{"start":{"line":57,"column":0},"end":{"line":57,"column":4}},"57":{"start":{"line":58,"column":0},"end":{"line":58,"column":3}},"58":{"start":{"line":59,"column":0},"end":{"line":59,"column":24}},"59":{"start":{"line":60,"column":0},"end":{"line":60,"column":26}},"60":{"start":{"line":61,"column":0},"end":{"line":61,"column":25}},"61":{"start":{"line":62,"column":0},"end":{"line":62,"column":31}},"62":{"start":{"line":63,"column":0},"end":{"line":63,"column":4}},"63":{"start":{"line":64,"column":0},"end":{"line":64,"column":3}},"64":{"start":{"line":65,"column":0},"end":{"line":65,"column":18}},"65":{"start":{"line":66,"column":0},"end":{"line":66,"column":26}},"66":{"start":{"line":67,"column":0},"end":{"line":67,"column":25}},"67":{"start":{"line":68,"column":0},"end":{"line":68,"column":33}},"68":{"start":{"line":69,"column":0},"end":{"line":69,"column":4}},"69":{"start":{"line":70,"column":0},"end":{"line":70,"column":3}},"70":{"start":{"line":71,"column":0},"end":{"line":71,"column":22}},"71":{"start":{"line":72,"column":0},"end":{"line":72,"column":23}},"72":{"start":{"line":73,"column":0},"end":{"line":73,"column":25}},"73":{"start":{"line":74,"column":0},"end":{"line":74,"column":31}},"74":{"start":{"line":75,"column":0},"end":{"line":75,"column":4}},"75":{"start":{"line":76,"column":0},"end":{"line":76,"column":3}},"76":{"start":{"line":77,"column":0},"end":{"line":77,"column":21}},"77":{"start":{"line":78,"column":0},"end":{"line":78,"column":22}},"78":{"start":{"line":79,"column":0},"end":{"line":79,"column":25}},"79":{"start":{"line":80,"column":0},"end":{"line":80,"column":31}},"80":{"start":{"line":81,"column":0},"end":{"line":81,"column":4}},"81":{"start":{"line":82,"column":0},"end":{"line":82,"column":3}},"82":{"start":{"line":83,"column":0},"end":{"line":83,"column":19}},"83":{"start":{"line":84,"column":0},"end":{"line":84,"column":20}},"84":{"start":{"line":85,"column":0},"end":{"line":85,"column":25}},"85":{"start":{"line":86,"column":0},"end":{"line":86,"column":32}},"86":{"start":{"line":87,"column":0},"end":{"line":87,"column":4}},"87":{"start":{"line":88,"column":0},"end":{"line":88,"column":3}},"88":{"start":{"line":89,"column":0},"end":{"line":89,"column":23}},"89":{"start":{"line":90,"column":0},"end":{"line":90,"column":25}},"90":{"start":{"line":91,"column":0},"end":{"line":91,"column":25}},"91":{"start":{"line":92,"column":0},"end":{"line":92,"column":30}},"92":{"start":{"line":93,"column":0},"end":{"line":93,"column":4}},"93":{"start":{"line":94,"column":0},"end":{"line":94,"column":3}},"94":{"start":{"line":95,"column":0},"end":{"line":95,"column":18}},"95":{"start":{"line":96,"column":0},"end":{"line":96,"column":19}},"96":{"start":{"line":97,"column":0},"end":{"line":97,"column":25}},"97":{"start":{"line":98,"column":0},"end":{"line":98,"column":31}},"98":{"start":{"line":99,"column":0},"end":{"line":99,"column":4}},"99":{"start":{"line":100,"column":0},"end":{"line":100,"column":3}},"100":{"start":{"line":101,"column":0},"end":{"line":101,"column":22}},"101":{"start":{"line":102,"column":0},"end":{"line":102,"column":24}},"102":{"start":{"line":103,"column":0},"end":{"line":103,"column":25}},"103":{"start":{"line":104,"column":0},"end":{"line":104,"column":31}},"104":{"start":{"line":105,"column":0},"end":{"line":105,"column":4}},"105":{"start":{"line":106,"column":0},"end":{"line":106,"column":3}},"106":{"start":{"line":107,"column":0},"end":{"line":107,"column":20}},"107":{"start":{"line":108,"column":0},"end":{"line":108,"column":21}},"108":{"start":{"line":109,"column":0},"end":{"line":109,"column":25}},"109":{"start":{"line":110,"column":0},"end":{"line":110,"column":31}},"110":{"start":{"line":111,"column":0},"end":{"line":111,"column":4}},"111":{"start":{"line":112,"column":0},"end":{"line":112,"column":3}},"112":{"start":{"line":113,"column":0},"end":{"line":113,"column":25}},"113":{"start":{"line":114,"column":0},"end":{"line":114,"column":27}},"114":{"start":{"line":115,"column":0},"end":{"line":115,"column":25}},"115":{"start":{"line":116,"column":0},"end":{"line":116,"column":32}},"116":{"start":{"line":117,"column":0},"end":{"line":117,"column":4}},"117":{"start":{"line":118,"column":0},"end":{"line":118,"column":3}},"118":{"start":{"line":119,"column":0},"end":{"line":119,"column":21}},"119":{"start":{"line":120,"column":0},"end":{"line":120,"column":23}},"120":{"start":{"line":121,"column":0},"end":{"line":121,"column":25}},"121":{"start":{"line":122,"column":0},"end":{"line":122,"column":31}},"122":{"start":{"line":123,"column":0},"end":{"line":123,"column":4}},"123":{"start":{"line":124,"column":0},"end":{"line":124,"column":3}},"124":{"start":{"line":125,"column":0},"end":{"line":125,"column":21}},"125":{"start":{"line":126,"column":0},"end":{"line":126,"column":23}},"126":{"start":{"line":127,"column":0},"end":{"line":127,"column":25}},"127":{"start":{"line":128,"column":0},"end":{"line":128,"column":31}},"128":{"start":{"line":129,"column":0},"end":{"line":129,"column":4}},"129":{"start":{"line":130,"column":0},"end":{"line":130,"column":3}},"130":{"start":{"line":131,"column":0},"end":{"line":131,"column":22}},"131":{"start":{"line":132,"column":0},"end":{"line":132,"column":25}},"132":{"start":{"line":133,"column":0},"end":{"line":133,"column":25}},"133":{"start":{"line":134,"column":0},"end":{"line":134,"column":31}},"134":{"start":{"line":135,"column":0},"end":{"line":135,"column":4}},"135":{"start":{"line":136,"column":0},"end":{"line":136,"column":3}},"136":{"start":{"line":137,"column":0},"end":{"line":137,"column":22}},"137":{"start":{"line":138,"column":0},"end":{"line":138,"column":24}},"138":{"start":{"line":139,"column":0},"end":{"line":139,"column":25}},"139":{"start":{"line":140,"column":0},"end":{"line":140,"column":31}},"140":{"start":{"line":141,"column":0},"end":{"line":141,"column":4}},"141":{"start":{"line":142,"column":0},"end":{"line":142,"column":3}},"142":{"start":{"line":143,"column":0},"end":{"line":143,"column":24}},"143":{"start":{"line":144,"column":0},"end":{"line":144,"column":26}},"144":{"start":{"line":145,"column":0},"end":{"line":145,"column":25}},"145":{"start":{"line":146,"column":0},"end":{"line":146,"column":31}},"146":{"start":{"line":147,"column":0},"end":{"line":147,"column":4}},"147":{"start":{"line":148,"column":0},"end":{"line":148,"column":3}},"148":{"start":{"line":149,"column":0},"end":{"line":149,"column":25}},"149":{"start":{"line":150,"column":0},"end":{"line":150,"column":27}},"150":{"start":{"line":151,"column":0},"end":{"line":151,"column":25}},"151":{"start":{"line":152,"column":0},"end":{"line":152,"column":32}},"152":{"start":{"line":153,"column":0},"end":{"line":153,"column":4}},"153":{"start":{"line":154,"column":0},"end":{"line":154,"column":2}},"154":{"start":{"line":155,"column":0},"end":{"line":155,"column":0}},"155":{"start":{"line":156,"column":0},"end":{"line":156,"column":18}},"156":{"start":{"line":157,"column":0},"end":{"line":157,"column":8}},"157":{"start":{"line":158,"column":0},"end":{"line":158,"column":9}},"158":{"start":{"line":159,"column":0},"end":{"line":159,"column":9}},"159":{"star
[...]
7,"270":17,"271":16,"272":0,"273":0,"274":0,"275":0,"276":0,"277":0,"278":0,"279":0,"280":16,"281":16,"282":16,"283":16,"284":288,"285":2,"286":2,"287":288,"288":16,"289":16,"290":0,"291":0,"292":0,"293":0,"294":0,"295":0,"296":0,"297":0,"298":0,"299":0,"300":0,"301":0,"302":0,"303":0,"304":0,"305":0,"306":0,"307":0,"308":0,"309":0,"310":0,"311":0,"312":0,"313":0,"314":0,"315":0,"316":0,"317":0,"318":0,"319":0,"320":0,"321":0,"322":0,"323":0,"324":0,"325":0,"326":0,"327":0,"328":0,"329":16,"330":16,"331":1,"332":1,"333":1,"334":18,"335":18,"336":18,"337":18,"338":18,"339":1,"340":1,"341":1,"342":0,"343":0,"344":0,"345":1,"346":1,"347":1,"348":1,"349":1,"350":1,"351":1,"352":1,"353":1,"354":2,"355":2,"356":2,"357":2,"358":1,"359":1,"360":1,"361":1,"362":1,"363":1,"364":1,"365":1,"366":1,"367":1,"368":59,"369":59,"370":0,"371":0,"372":59,"373":14,"374":14,"375":14,"376":59,"377":16,"378":16,"379":29,"380":29,"381":29,"382":29,"383":29,"384":1,"385":1,"386":1,"387":1,"388":1,"389":1,"390":1,"391":2,"392":0,"393":0,"394":2,"395":2,"396":2,"397":2,"398":2,"399":1,"400":1,"401":1,"402":1,"403":1,"404":1,"405":1,"406":1,"407":1,"408":1,"409":1,"410":1,"411":1,"412":1,"413":1,"414":1,"415":1,"416":1,"417":1,"418":1,"419":1,"420":1,"421":1,"422":1,"423":1,"424":1,"425":1,"426":1,"427":1,"428":1,"429":1,"430":1,"431":1,"432":1,"433":1,"434":1,"435":16,"436":17,"437":17,"438":16,"439":1,"440":1,"441":18,"442":18,"443":18,"444":18,"445":18,"446":1,"447":1,"448":1,"449":1,"450":1,"451":0,"452":0,"453":0,"454":0,"455":0,"456":0,"457":0,"458":1,"459":1,"460":1,"461":1,"462":1,"463":1,"464":1,"465":1,"466":1,"467":1,"468":1,"469":1,"470":1,"471":1,"472":1,"473":1,"474":1,"475":1,"476":1,"477":1,"478":1,"479":16,"480":17,"481":17,"482":16,"483":3,"484":3,"485":54,"486":54,"487":54,"488":54,"489":54,"490":3,"491":3,"492":3,"493":2,"494":2,"495":1,"496":1,"497":1,"498":1,"499":1,"500":1,"501":1,"502":1,"503":1,"504":1,"505":1,"506":1,"507":1,"508":1,"509":1,"510":1,"511":1,"512":1,"513":1,"514":1,"515":1,"516":1,"517":1,"518":1,"519":1,"520":16,"521":17,"522":17,"523":0,"524":0,"525":0,"526":0,"527":0,"528":17,"529":17,"530":17,"531":17,"532":17,"533":17,"534":17,"535":17,"536":17,"537":17,"538":17,"539":17,"540":17,"541":17,"542":17,"543":17,"544":17,"545":17,"546":17,"547":17,"548":17,"549":17,"550":17,"551":17,"552":17,"553":17,"554":17,"555":17,"556":17,"557":17,"558":17,"559":17,"560":17,"561":17,"562":17,"563":17,"564":17,"565":17,"566":17,"567":17,"568":17,"569":17,"570":17,"571":17,"572":1,"573":1,"574":1,"575":1,"576":1,"577":1,"578":1,"579":1,"580":1,"581":1,"582":1,"583":1,"584":1,"585":1,"586":1,"587":1},"branchMap":{"0":{"type":"branch","line":156,"loc":{"start":{"line":156,"column":0},"end":{"line":572,"column":1}},"locations":[{"start":{"line":156,"column":0},"end":{"line":572,"column":1}}]},"1":{"type":"branch","line":175,"loc":{"start":{"line":175,"column":2},"end":{"line":209,"column":3}},"locations":[{"start":{"line":175,"column":2},"end":{"line":209,"column":3}}]},"2":{"type":"branch","line":183,"loc":{"start":{"line":183,"column":8},"end":{"line":183,"column":33}},"locations":[{"start":{"line":183,"column":8},"end":{"line":183,"column":33}}]},"3":{"type":"branch","line":183,"loc":{"start":{"line":183,"column":33},"end":{"line":185,"column":11}},"locations":[{"start":{"line":183,"column":33},"end":{"line":185,"column":11}}]},"4":{"type":"branch","line":185,"loc":{"start":{"line":185,"column":41},"end":{"line":187,"column":5}},"locations":[{"start":{"line":185,"column":41},"end":{"line":187,"column":5}}]},"5":{"type":"branch","line":200,"loc":{"start":{"line":200,"column":22},"end":{"line":204,"column":5}},"locations":[{"start":{"line":200,"column":22},"end":{"line":204,"column":5}}]},"6":{"type":"branch","line":213,"loc":{"start":{"line":213,"column":2},"end":{"line":247,"column":3}},"locations":[{"start":{"line":213,"column":2},"end":{"line":247,"column":3}}]},"7":{"type":"branch","line":215,"loc":{"start":{"line":215,"column":27},"end":{"line":217,"column":11}},"locations":[{"start":{"line":215,"column":27},"end":{"line":217,"column":11}}]},"8":{"type":"branch","line":217,"loc":{"start":{"line":217,"column":4},"end":{"line":219,"column":5}},"locations":[{"start":{"line":217,"column":4},"end":{"line":219,"column":5}}]},"9":{"type":"branch","line":222,"loc":{"start":{"line":222,"column":29},"end":{"line":224,"column":5}},"locations":[{"start":{"line":222,"column":29},"end":{"line":224,"column":5}}]},"10":{"type":"branch","line":229,"loc":{"start":{"line":229,"column":6},"end":{"line":231,"column":14}},"locations":[{"start":{"line":229,"column":6},"end":{"line":231,"column":14}}]},"11":{"type":"branch","line":232,"loc":{"start":{"line":232,"column":6},"end":{"line":234,"column":14}},"locations":[{"start":{"line":232,"column":6},"end":{"line":234,"column":14}}]},"12":{"type":"branch","line":235,"loc":{"start":{"line":235,"column":6},"end":{"line":237,"column":14}},"locations":[{"start":{"line":235,"column":6},"end":{"line":237,"column":14}}]},"13":{"type":"branch","line":238,"loc":{"start":{"line":238,"column":6},"end":{"line":240,"column":14}},"locations":[{"start":{"line":238,"column":6},"end":{"line":240,"column":14}}]},"14":{"type":"branch","line":241,"loc":{"start":{"line":241,"column":6},"end":{"line":242,"column":20}},"locations":[{"start":{"line":241,"column":6},"end":{"line":242,"column":20}}]},"15":{"type":"branch","line":249,"loc":{"start":{"line":249,"column":2},"end":{"line":264,"column":3}},"locations":[{"start":{"line":249,"column":2},"end":{"line":264,"column":3}}]},"16":{"type":"branch","line":253,"loc":{"start":{"line":253,"column":45},"end":{"line":255,"column":5}},"locations":[{"start":{"line":253,"column":45},"end":{"line":255,"column":5}}]},"17":{"type":"branch","line":259,"loc":{"start":{"line":259,"column":4},"end":{"line":261,"column":5}},"locations":[{"start":{"line":259,"column":4},"end":{"line":261,"column":5}}]},"18":{"type":"branch","line":266,"loc":{"start":{"line":266,"column":2},"end":{"line":269,"column":3}},"locations":[{"start":{"line":266,"column":2},"end":{"line":269,"column":3}}]},"19":{"type":"branch","line":271,"loc":{"start":{"line":271,"column":2},"end":{"line":436,"column":3}},"locations":[{"start":{"line":271,"column":2},"end":{"line":436,"column":3}}]},"20":{"type":"branch","line":272,"loc":{"start":{"line":272,"column":26},"end":{"line":280,"column":5}},"locations":[{"start":{"line":272,"column":26},"end":{"line":280,"column":5}}]},"21":{"type":"branch","line":284,"loc":{"start":{"line":284,"column":45},"end":{"line":288,"column":5}},"locations":[{"start":{"line":284,"column":45},"end":{"line":288,"column":5}}]},"22":{"type":"branch","line":285,"loc":{"start":{"line":285,"column":26},"end":{"line":287,"column":7}},"locations":[{"start":{"line":285,"column":26},"end":{"line":287,"column":7}}]},"23":{"type":"branch","line":290,"loc":{"start":{"line":290,"column":34},"end":{"line":329,"column":5}},"locations":[{"start":{"line":290,"column":34},"end":{"line":329,"column":5}}]},"24":{"type":"branch","line":331,"loc":{"start":{"line":331,"column":33},"end":{"line":435,"column":5}},"locations":[{"start":{"line":331,"column":33},"end":{"line":435,"column":5}}]},"25":{"type":"branch","line":342,"loc":{"start":{"line":342,"column":34},"end":{"line":345,"column":7}},"locations":[{"start":{"line":342,"column":34},"end":{"line":345,"column":7}}]},"26":{"type":"branch","line":391,"loc":{"start":{"line":391,"column":52},"end":{"line":399,"column":7}},"locations":[{"start":{"line":391,"column":52},"end":{"line":399,"column":7}}]},"27":{"type":"branch","line":392,"loc":{"start":{"line":392,"column":34},"end":{"line":395,"column":15}},"locations":[{"start":{"line":392,"column":34},"end":{"line":395,"column":15}}]},"28":{"type":"branch","line":397,"loc":{"start":{"line":397,"column":47},"end":{"line":397,"column":56}},"locations":[{"start":{"line":397,"column":47},"end":{"line":397,"column":56}}]},"29":{"type":"branch","line":334,"loc":{"start":{"line":334,"column":13},"end":{"line":339,"column":11}},"locations":[{"start":{"line":334,"column":13},"end":{"line":339,"column":11}}]},"30":{"type":"branch","line":340,"loc":{"start":{"line":340,"column":16},"end":{"line":340,"column":44}},"locations":[{"start":{"line":340,"column":16},"end":{"line":340,"column":44}}]},"31":{"type":"branch","line":354,"loc":{"start":{"line":354,"column":42},"end":{"line":358,"column":10}},"locations":[{"start":{"line":354,"column":42},"end":{"line":358,"column":10}}]},"32":{"type":"branch","line":368,"loc":{"start":{"line":368,"column":6},"end":{"line":384,"column":7}},"locations":[{"start":{"line":368,"column":6},"end":{"line":384,"column":7}}]},"33":{"type":"branch","line":370,"loc":{"start":{"line":370,"column":43},"end":{"line":372,"column":9}},"locations":[{"start":{"line":370,"column":43},"end":{"line":372,"column":9}}]},"34":{"type":"branch","line":373,"loc":{"start":{"line":373,"column":38},"end":{"line":373,"column":76}},"locations":[{"start":{"line":373,"column":38},"end":{"line":373,"column":76}}]},"35":{"type":"branch","line":373,"loc":{"start":{"line":373,"column":76},"end":{"line":376,"column":9}},"locations":[{"start":{"line":373,"column":76},"end":{"line":376,"column":9}}]},"36":{"type":"branch","line":376,"loc":{"start":{"line":376,"column":8},"end":{"line":377,"column":39}},"locations":[{"start":{"line":376,"column":8},"end":{"line":377,"column":39}}]},"37":{"type":"branch","line":377,"loc":{"start":{"line":377,"column":35},"end":{"line":377,"column":69}},"locations":[{"start":{"line":377,"column":35},"end":{"line":377,"column":69}}]},"38":{"type":"branch","line":377,"loc":{"start":{"line":377,"column":69},"end":{"line":379,"column":9}},"locations":[{"start":{"line":377,"column":69},"end":{"line":379,"column":9}}]},"39":{"type":"branch","line":379,"loc":{"start":{"line":379,"column":8},"end":{"line":384,"column":7}},"locations":[{"start":{"line":379,"column":8},"end":{"line":384,"column":7}}]},"40":{"type":"branch","line":438,"loc":{"start":{"line":438,"column":2},"end":{"line":480,"column":3}},"locations":[{"start":{"line":438,"column":2},"end":{"line":480,"column":3}}]},"41":{"type":"branch","line":439,"loc":{"start":{"line":439,"column":20},"end":{"line":439,"column":49}},"locations":[{"start":{"line":439,"column":20},"end":{"line":439,"column":49}}]},"42":{"type":"branch","line":439,"loc":{"start":{"line":439,"column":49},"end":{"line":479,"column":5}},"locations":[{"start":{"line":439,"column":49},"end":{"line":479,"column":5}}]},"43":{"type":"branch","line":451,"loc":{"start":{"line":451,"column":6},"end":{"line":458,"column":39}},"locations":[{"start":{"line":451,"column":6},"end":{"line":458,"column":39}}]},"44":{"type":"branch","line":459,"loc":{"start":{"line":459,"column":-2},"end":{"line":459,"column":39}},"locations":[{"start":{"line":459,"column":-2},"end":{"line":459,"column":39}}]},"45":{"type":"branch","line":441,"loc":{"start":{"line":441,"column":13},"end":{"line":446,"column":11}},"locations":[{"start":{"line":441,"column":13},"end":{"line":446,"column":11}}]},"46":{"type":"branch","line":447,"loc":{"start":{"line":447,"column":16},"end":{"line":447,"column":44}},"locations":[{"start":{"line":447,"column":16},"end":{"line":447,"column":44}}]},"47":{"type":"branch","line":482,"loc":{"start":{"line":482,"column":2},"end":{"line":521,"column":3}},"locations":[{"start":{"line":482,"column":2},"end":{"line":521,"column":3}}]},"48":{"type":"branch","line":483,"loc":{"start":{"line":483,"column":29},"end":{"line":520,"column":5}},"locations":[{"start":{"line":483,"column":29},"end":{"line":520,"column":5}}]},"49":{"type":"branch","line":493,"loc":{"start":{"line":493,"column":36},"end":{"line":495,"column":7}},"locations":[{"start":{"line":493,"column":36},"end":{"line":495,"column":7}}]},"50":{"type":"branch","line":495,"loc":{"start":{"line":495,"column":6},"end":{"line":520,"column":5}},"locations":[{"start":{"line":495,"column":6},"end":{"line":520,"column":5}}]},"51":{"type":"branch","line":485,"loc":{"start":{"line":485,"column":13},"end":{"line":490,"column":11}},"locations":[{"start":{"line":485,"column":13},"end":{"line":490,"column":11}}]},"52":{"type":"branch","line":491,"loc":{"start":{"line":491,"column":16},"end":{"line":491,"column":44}},"locations":[{"start":{"line":491,"column":16},"end":{"line":491,"column":44}}]}},"b":{"0":[17],"1":[17],"2":[0],"3":[0],"4":[0],"5":[0],"6":[49],"7":[37],"8":[12],"9":[4],"10":[0],"11":[46],"12":[3],"13":[0],"14":[0],"15":[33],"16":[594],"17":[0],"18":[33],"19":[16],"20":[0],"21":[288],"22":[2],"23":[0],"24":[1],"25":[0],"26":[2],"27":[0],"28":[1],"29":[18],"30":[18],"31":[2],"32":[59],"33":[0],"34":[14],"35":[14],"36":[45],"37":[29],"38":[16],"39":[29],"40":[16],"41":[15],"42":[1],"43":[0],"44":[0],"45":[18],"46":[18],"47":[16],"48":[3],"49":[2],"50":[1],"51":[54],"52":[54]},"fnMap":{"0":{"name":"Results","decl":{"start":{"line":156,"column":0},"end":{"line":572,"column":1}},"loc":{"start":{"line":156,"column":0},"end":{"line":572,"column":1}},"line":156},"1":{"name":"handleRefresh","decl":{"start":{"line":171,"column":2},"end":{"line":173,"column":3}},"loc":{"start":{"line":171,"column":2},"end":{"line":173,"column":3}},"line":171},"2":{"name":"timeUntilSleep","decl":{"start":{"line":175,"column":2},"end":{"line":209,"column":3}},"loc":{"start":{"line":175,"column":2},"end":{"line":209,"column":3}},"line":175},"3":{"name":"dailyIntake","decl":{"start":{"line":213,"column":2},"end":{"line":247,"column":3}},"loc":{"start":{"line":213,"column":2},"end":{"line":247,"column":3}},"line":213},"4":{"name":"consumed","decl":{"start":{"line":249,"column":2},"end":{"line":264,"column":3}},"loc":{"start":{"line":249,"column":2},"end":{"line":264,"column":3}},"line":249},"5":{"name":"remaining","decl":{"start":{"line":266,"column":2},"end":{"line":269,"column":3}},"loc":{"start":{"line":266,"column":2},"end":{"line":269,"column":3}},"line":266},"6":{"name":"totalWaterLeft","decl":{"start":{"line":271,"column":2},"end":{"line":436,"column":3}},"loc":{"start":{"line":271,"column":2},"end":{"line":436,"column":3}},"line":271},"7":{"name":"dfs","decl":{"start":{"line":368,"column":6},"end":{"line":384,"column":7}},"loc":{"start":{"line":368,"column":6},"end":{"line":384,"column":7}},"line":368},"8":{"name":"addtionalWaterForTemp","decl":{"start":{"line":438,"column":2},"end":{"line":480,"column":3}},"loc":{"start":{"line":438,"column":2},"end":{"line":480,"column":3}},"line":438},"9":{"name":"addtionalWaterForActivity","decl":{"start":{"line":482,"column":2},"end":{"line":521,"column":3}},"loc":{"start":{"line":482,"column":2},"end":{"line":521,"column":3}},"line":482},"10":{"name":"shuffle","decl":{"start":{"line":523,"column":2},"end":{"line":528,"column":3}},"loc":{"start":{"line":523,"column":2},"end":{"line":528,"column":3}},"line":523}},"f":{"0":17,"1":0,"2":17,"3":49,"4":33,"5":33,"6":16,"7":59,"8":16,"9":16,"10":0}}
,"C:\\Users\\Khyle Sewpersaud\\Downloads\\Coding\\Web Dev\\water-watch\\front-end\\src\\components\\TimePicker.jsx": {"path":"C:\\Users\\Khyle Sewpersaud\\Downloads\\Coding\\Web Dev\\water-watch\\front-end\\src\\components\\TimePicker.jsx","all":false,"statementMap":{"0":{"start":{"line":1,"column":0},"end":{"line":1,"column":35}},"1":{"start":{"line":2,"column":0},"end":{"line":2,"column":0}},"2":{"start":{"line":3,"column":0},"end":{"line":3,"column":28}},"3":{"start":{"line":4,"column":0},"end":{"line":4,"column":9}},"4":{"start":{"line":5,"column":0},"end":{"line":5,"column":11}},"5":{"start":{"line":6,"column":0},"end":{"line":6,"column":17}},"6":{"start":{"line":7,"column":0},"end":{"line":7,"column":9}},"7":{"start":{"line":8,"column":0},"end":{"line":8,"column":15}},"8":{"start":{"line":9,"column":0},"end":{"line":9,"column":11}},"9":{"start":{"line":10,"column":0},"end":{"line":10,"column":16}},"10":{"start":{"line":11,"column":0},"end":{"line":11,"column":12}},"11":{"start":{"line":12,"column":0},"end":{"line":12,"column":0}},"12":{"start":{"line":13,"column":0},"end":{"line":13,"column":10}},"13":{"start":{"line":14,"column":0},"end":{"line":14,"column":54}},"14":{"start":{"line":15,"column":0},"end":{"line":15,"column":12}},"15":{"start":{"line":16,"column":0},"end":{"line":16,"column":21}},"16":{"start":{"line":17,"column":0},"end":{"line":17,"column":17}},"17":{"start":{"line":18,"column":0},"end":{"line":18,"column":15}},"18":{"start":{"line":19,"column":0},"end":{"line":19,"column":16}},"19":{"start":{"line":20,"column":0},"end":{"line":20,"column":20}},"20":{"start":{"line":21,"column":0},"end":{"line":21,"column":29}},"21":{"start":{"line":22,"column":0},"end":{"line":22,"column":133}},"22":{"start":{"line":23,"column":0},"end":{"line":23,"column":8}},"23":{"start":{"line":24,"column":0},"end":{"line":24,"column":96}},"24":{"start":{"line":25,"column":0},"end":{"line":25,"column":6}},"25":{"start":{"line":26,"column":0},"end":{"line":26,"column":12}},"26":{"start":{"line":27,"column":0},"end":{"line":27,"column":21}},"27":{"start":{"line":28,"column":0},"end":{"line":28,"column":19}},"28":{"start":{"line":29,"column":0},"end":{"line":29,"column":15}},"29":{"start":{"line":30,"column":0},"end":{"line":30,"column":16}},"30":{"start":{"line":31,"column":0},"end":{"line":31,"column":22}},"31":{"start":{"line":32,"column":0},"end":{"line":32,"column":31}},"32":{"start":{"line":33,"column":0},"end":{"line":33,"column":135}},"33":{"start":{"line":34,"column":0},"end":{"line":34,"column":8}},"34":{"start":{"line":35,"column":0},"end":{"line":35,"column":0}},"35":{"start":{"line":36,"column":0},"end":{"line":36,"column":13}},"36":{"start":{"line":37,"column":0},"end":{"line":37,"column":19}},"37":{"start":{"line":38,"column":0},"end":{"line":38,"column":22}},"38":{"start":{"line":39,"column":0},"end":{"line":39,"column":31}},"39":{"start":{"line":40,"column":0},"end":{"line":40,"column":126}},"40":{"start":{"line":41,"column":0},"end":{"line":41,"column":7}},"41":{"start":{"line":42,"column":0},"end":{"line":42,"column":38}},"42":{"start":{"line":43,"column":0},"end":{"line":43,"column":38}},"43":{"start":{"line":44,"column":0},"end":{"line":44,"column":15}},"44":{"start":{"line":45,"column":0},"end":{"line":45,"column":10}},"45":{"start":{"line":46,"column":0},"end":{"line":46,"column":4}},"46":{"start":{"line":47,"column":0},"end":{"line":47,"column":1}},"47":{"start":{"line":48,"column":0},"end":{"line":48,"column":0}},"48":{"start":{"line":49,"column":0},"end":{"line":49,"column":24}},"49":{"start":{"line":50,"column":0},"end":{"line":50,"column":38}},"50":{"start":{"line":51,"column":0},"end":{"line":51,"column":36}},"51":{"start":{"line":52,"column":0},"end":{"line":52,"column":38}},"52":{"start":{"line":53,"column":0},"end":{"line":53,"column":42}},"53":{"start":{"line":54,"column":0},"end":{"line":54,"column":40}},"54":{"start":{"line":55,"column":0},"end":{"line":55,"column":41}},"55":{"start":{"line":56,"column":0},"end":{"line":56,"column":1}},"56":{"start":{"line":57,"column":0},"end":{"line":57,"column":0}},"57":{"start":{"line":58,"column":0},"end":{"line":58,"column":26}}},"s":{"0":1,"1":1,"2":15,"3":15,"4":15,"5":15,"6":15,"7":15,"8":15,"9":15,"10":15,"11":15,"12":15,"13":15,"14":15,"15":15,"16":15,"17":15,"18":15,"19":15,"20":15,"21":15,"22":15,"23":15,"24":15,"25":15,"26":15,"27":15,"28":15,"29":15,"30":15,"31":15,"32":15,"33":15,"34":15,"35":15,"36":15,"37":15,"38":15,"39":15,"40":15,"41":15,"42":15,"43":15,"44":15,"45":15,"46":15,"47":1,"48":1,"49":1,"50":1,"51":1,"52":1,"53":1,"54":1,"55":1,"56":1,"57":1},"branchMap":{"0":{"type":"branch","line":3,"loc":{"start":{"line":3,"column":0},"end":{"line":47,"column":1}},"locations":[{"start":{"line":3,"column":0},"end":{"line":47,"column":1}}]}},"b":{"0":[15]},"fnMap":{"0":{"name":"TimePicker","decl":{"start":{"line":3,"column":0},"end":{"line":47,"column":1}},"loc":{"start":{"line":3,"column":0},"end":{"line":47,"column":1}},"line":3}},"f":{"0":15}}
}
